#
# A fatal error has been detected by the Java Runtime Environment:
#
#  EXCEPTION_ACCESS_VIOLATION (0xc0000005) at pc=0x00007ff88bb7e0a9, pid=13172, tid=3888
#
# JRE version: OpenJDK Runtime Environment Microsoft-8035246 (17.0.8+7) (build 17.0.8+7-LTS)
# Java VM: OpenJDK 64-Bit Server VM Microsoft-8035246 (17.0.8+7-LTS, mixed mode, sharing, tiered, compressed oops, compressed class ptrs, g1 gc, windows-amd64)
# Problematic frame:
# V  [jvm.dll+0x2be0a9]
#
# No core dump will be written. Minidumps are not enabled by default on client versions of Windows
#
# If you would like to submit a bug report, please visit:
#   https://github.com/microsoft/openjdk/issues
#

---------------  S U M M A R Y ------------

Command Line: -XX:MaxMetaspaceSize=512m --add-opens=java.base/java.util=ALL-UNNAMED --add-opens=java.base/java.lang=ALL-UNNAMED --add-opens=java.base/java.lang.invoke=ALL-UNNAMED --add-opens=java.prefs/java.util.prefs=ALL-UNNAMED --add-opens=java.base/java.nio.charset=ALL-UNNAMED --add-opens=java.base/java.net=ALL-UNNAMED --add-opens=java.base/java.util.concurrent.atomic=ALL-UNNAMED -Xmx2048m -Dfile.encoding=windows-1251 -Duser.country=UA -Duser.language=uk -Duser.variant -javaagent:C:\Users\User\.gradle\wrapper\dists\gradle-8.3-all\6en3ugtfdg5xnpx44z4qbwgas\gradle-8.3\lib\agents\gradle-instrumentation-agent-8.3.jar org.gradle.launcher.daemon.bootstrap.GradleDaemon 8.3

Host: Intel(R) Core(TM) i5-6300U CPU @ 2.40GHz, 4 cores, 7G,  Windows 10 , 64 bit Build 19041 (10.0.19041.3636)
Time: Mon Jul  1 21:04:48 2024  Windows 10 , 64 bit Build 19041 (10.0.19041.3636) elapsed time: 254.754241 seconds (0d 0h 4m 14s)

---------------  T H R E A D  ---------------

Current thread (0x000001e8e4f23ff0):  JavaThread "C2 CompilerThread0" daemon [_thread_in_native, id=3888, stack(0x000000052b200000,0x000000052b300000)]


Current CompileTask:
C2: 254754 16765   !   4       org.gradle.cache.internal.DefaultMultiProcessSafeIndexedCache::getIfPresent (25 bytes)

Stack: [0x000000052b200000,0x000000052b300000],  sp=0x000000052b2fb340,  free space=1004k
Native frames: (J=compiled Java code, j=interpreted, Vv=VM code, C=native code)
V  [jvm.dll+0x2be0a9]
V  [jvm.dll+0x21ba8b]
V  [jvm.dll+0x21944b]
V  [jvm.dll+0x1a56b6]
V  [jvm.dll+0x2291ea]
V  [jvm.dll+0x22724c]
V  [jvm.dll+0x7efd0c]
V  [jvm.dll+0x7ea13a]
V  [jvm.dll+0x67ad85]
C  [ucrtbase.dll+0x21bb2]
C  [KERNEL32.DLL+0x17344]
C  [ntdll.dll+0x4cc91]


siginfo: EXCEPTION_ACCESS_VIOLATION (0xc0000005), reading address 0x0000000000000028


Register to memory mapping:

RIP=0x00007ff88bb7e0a9 jvm.dll
RAX=0x000001e8a3e72e80 points into unknown readable memory: 0x0000000000000000 | 00 00 00 00 00 00 00 00
RBX=0x00000000000017d6 is an unknown value
RCX=0x0 is NULL
RDX=0x0 is NULL
RSP=0x000000052b2fb340 is pointing into the stack for thread: 0x000001e8e4f23ff0
RBP=0x000000052b2fb3b0 is pointing into the stack for thread: 0x000001e8e4f23ff0
RSI=0x0 is NULL
RDI=0x0000000000000048 is an unknown value
R8 =0x000000000000ffe0 is an unknown value
R9 =0x0 is NULL
R10=0x00007ff8cab90000 VCRUNTIME140.dll
R11=0x000001e8a3e72ea0 points into unknown readable memory: 0x0000000000000000 | 00 00 00 00 00 00 00 00
R12=0x0000000000000050 is an unknown value
R13=0x0 is NULL
R14=0x0 is NULL
R15=0x000000052b2fe560 is pointing into the stack for thread: 0x000001e8e4f23ff0


Registers:
RAX=0x000001e8a3e72e80, RBX=0x00000000000017d6, RCX=0x0000000000000000, RDX=0x0000000000000000
RSP=0x000000052b2fb340, RBP=0x000000052b2fb3b0, RSI=0x0000000000000000, RDI=0x0000000000000048
R8 =0x000000000000ffe0, R9 =0x0000000000000000, R10=0x00007ff8cab90000, R11=0x000001e8a3e72ea0
R12=0x0000000000000050, R13=0x0000000000000000, R14=0x0000000000000000, R15=0x000000052b2fe560
RIP=0x00007ff88bb7e0a9, EFLAGS=0x0000000000010202

Top of Stack: (sp=0x000000052b2fb340)
0x000000052b2fb340:   00000000000017d6 0000000000000000
0x000000052b2fb350:   000000052b2fe560 00007ff88bae38d1
0x000000052b2fb360:   000001e8e4f23620 00007ff800002000
0x000000052b2fb370:   000001e8a3e72e80 000001e800000000
0x000000052b2fb380:   000001e800000002 000001e8a38f5640
0x000000052b2fb390:   0000000000000002 000001e8e4f23620
0x000000052b2fb3a0:   0000000000000000 0000000000000000
0x000000052b2fb3b0:   000001e8e4db7d30 000001e8c5464990
0x000000052b2fb3c0:   0000000000000048 00007ff88c204c08
0x000000052b2fb3d0:   000000052b2fb4e0 00007ff88badba8b
0x000000052b2fb3e0:   000000052b2fe560 00007ff88c204c08
0x000000052b2fb3f0:   000000052b2fe560 000000052b2fb4e0
0x000000052b2fb400:   000001e800000000 00007ff88bedb7fb
0x000000052b2fb410:   000000050000000f 000000052b2fe560
0x000000052b2fb420:   000000052b2fb590 0000000000000000
0x000000052b2fb430:   000001e800000100 00007ff88c204c08 

Instructions: (pc=0x00007ff88bb7e0a9)
0x00007ff88bb7dfa9:   3b d0 75 0b ff c1 41 3b c9 7c dc 48 8b c2 c3 33
0x00007ff88bb7dfb9:   c0 c3 cc cc cc cc cc 48 89 5c 24 18 55 56 57 41
0x00007ff88bb7dfc9:   55 41 57 48 8b ec 48 83 ec 70 65 48 8b 04 25 58
0x00007ff88bb7dfd9:   00 00 00 48 8b f2 44 8b 05 d2 8b 90 00 4c 8b f9
0x00007ff88bb7dfe9:   4a 8b 1c c0 b8 50 00 00 00 80 3c 18 00 75 05 e8
0x00007ff88bb7dff9:   8b 6f 5d 00 b8 20 00 00 00 48 8b 04 18 48 8b 98
0x00007ff88bb7e009:   38 02 00 00 48 89 5d b0 c7 45 b8 04 00 00 00 48
0x00007ff88bb7e019:   8b 43 18 48 83 f8 df 76 18 4c 8d 05 37 a9 65 00
0x00007ff88bb7e029:   ba 20 00 00 00 48 8b cb e8 5a eb de ff 48 8b 43
0x00007ff88bb7e039:   18 48 8d 48 20 48 3b 4b 20 76 11 45 33 c0 48 8b
0x00007ff88bb7e049:   cb 41 8d 50 20 e8 fd e8 de ff eb 04 48 89 4b 18
0x00007ff88bb7e059:   44 8b 45 b8 33 d2 49 c1 e0 03 48 8b c8 48 89 45
0x00007ff88bb7e069:   c0 e8 e3 80 5d 00 45 33 ed 48 8d 4d d0 44 89 6d
0x00007ff88bb7e079:   c8 e8 01 59 56 00 41 8b 9f 40 02 00 00 41 2b 9f
0x00007ff88bb7e089:   68 02 00 00 44 89 6d f0 3b 5d b8 72 0b 8b d3 48
0x00007ff88bb7e099:   8d 4d b0 e8 6f b3 39 00 48 8b 45 c0 4c 89 2c d8
0x00007ff88bb7e0a9:   8b 7e 28 8b df c1 eb 05 3b 5d d0 72 0b 8b d3 48
0x00007ff88bb7e0b9:   8d 4d d0 e8 1f 59 56 00 48 8b 45 d8 83 e7 1f 48
0x00007ff88bb7e0c9:   8d 14 98 40 0f b6 cf 41 b8 01 00 00 00 41 d3 e0
0x00007ff88bb7e0d9:   8b 0a 8b c1 41 0b c0 89 02 41 85 c8 75 21 8b 5d
0x00007ff88bb7e0e9:   c8 8d 43 01 89 45 c8 3b 5d b8 72 0b 8b d3 48 8d
0x00007ff88bb7e0f9:   4d b0 e8 10 b3 39 00 48 8b 45 c0 48 89 34 d8 44
0x00007ff88bb7e109:   39 6d c8 0f 86 77 01 00 00 4c 89 a4 24 a0 00 00
0x00007ff88bb7e119:   00 4c 89 b4 24 a8 00 00 00 48 8b 45 c0 41 8b cd
0x00007ff88bb7e129:   48 8b 34 c8 8b 46 2c 25 ff 1f 00 00 3d 04 10 00
0x00007ff88bb7e139:   00 0f 85 a7 00 00 00 bb 01 00 00 00 39 5e 18 76
0x00007ff88bb7e149:   39 66 0f 1f 44 00 00 48 8b 46 08 8b cb 48 8b 14
0x00007ff88bb7e159:   c8 48 85 d2 74 1d 48 83 7a 10 00 74 16 80 7a 2c
0x00007ff88bb7e169:   84 74 10 e8 7f 7e ee ff 48 8b d0 49 8b cf e8 a4
0x00007ff88bb7e179:   61 f6 ff ff c3 3b 5e 18 72 cd 48 8b 5e 10 8b 46
0x00007ff88bb7e189:   20 4c 8d 34 c3 49 3b de 73 54 48 8b 3b 8b 47 2c
0x00007ff88bb7e199:   83 e0 03 3c 03 75 2e 48 8b 07 48 8b cf ff 90 88 


Stack slot to memory mapping:
stack at sp + 0 slots: 0x00000000000017d6 is an unknown value
stack at sp + 1 slots: 0x0 is NULL
stack at sp + 2 slots: 0x000000052b2fe560 is pointing into the stack for thread: 0x000001e8e4f23ff0
stack at sp + 3 slots: 0x00007ff88bae38d1 jvm.dll
stack at sp + 4 slots: 0x000001e8e4f23620 points into unknown readable memory: 0x0000000000000006 | 06 00 00 00 00 00 00 00
stack at sp + 5 slots: 0x00007ff800002000 is an unknown value
stack at sp + 6 slots: 0x000001e8a3e72e80 points into unknown readable memory: 0x0000000000000000 | 00 00 00 00 00 00 00 00
stack at sp + 7 slots: 0x000001e800000000 is an unknown value


---------------  P R O C E S S  ---------------

Threads class SMR info:
_java_thread_list=0x000001e8abef0490, length=91, elements={
0x000001e8c544c890, 0x000001e8e4f05bb0, 0x000001e8e4f06a30, 0x000001e8e4f1cab0,
0x000001e8e4f1e140, 0x000001e8e4f22080, 0x000001e8e4f22a40, 0x000001e8e4f23ff0,
0x000001e8e4f898f0, 0x000001e89f120060, 0x000001e8e4eed960, 0x000001e89f2812a0,
0x000001e8a0635ab0, 0x000001e8a0d410b0, 0x000001e8a09e4420, 0x000001e8a0b446f0,
0x000001e8a055c4b0, 0x000001e89fbbef30, 0x000001e89fbbea20, 0x000001e89fbbc6b0,
0x000001e89fbbb780, 0x000001e89fbbbc90, 0x000001e89fbbe510, 0x000001e89fbbcbc0,
0x000001e89fbbe000, 0x000001e89fbbd0d0, 0x000001e89fbbd5e0, 0x000001e89fbbdaf0,
0x000001e89fa3e410, 0x000001e89fa3f850, 0x000001e89fa3f340, 0x000001e89fa3e920,
0x000001e89fa411a0, 0x000001e89fa3df00, 0x000001e89fa3ee30, 0x000001e89fa3fd60,
0x000001e89fa40270, 0x000001e89fa40780, 0x000001e89fde7060, 0x000001e89fdead20,
0x000001e89fdeb230, 0x000001e89fdeb740, 0x000001e89fdedfc0, 0x000001e89fde7570,
0x000001e89fdedab0, 0x000001e89fdee4d0, 0x000001e89fdee9e0, 0x000001e89fde8ec0,
0x000001e89fde84a0, 0x000001e89fde93d0, 0x000001e89fde98e0, 0x000001e89fde9df0,
0x000001e8a1811900, 0x000001e8a18104c0, 0x000001e8a18109d0, 0x000001e8a1810ee0,
0x000001e8a180ffb0, 0x000001e8a1811e10, 0x000001e8a1813c70, 0x000001e8a1812320,
0x000001e8a180e660, 0x000001e8a18155c0, 0x000001e8a180e150, 0x000001e8a1815ad0,
0x000001e89fdec670, 0x000001e89fde7f90, 0x000001e89fde89b0, 0x000001e8aa829630,
0x000001e8aa82c3c0, 0x000001e8aa8268a0, 0x000001e8aa82aa70, 0x000001e8aa826390,
0x000001e8aa829120, 0x000001e8aa825e80, 0x000001e8aa82af80, 0x000001e8aa8277d0,
0x000001e8aa82beb0, 0x000001e8aa827ce0, 0x000001e8aa8281f0, 0x000001e8aa82c8d0,
0x000001e8aa82b490, 0x000001e8aa828700, 0x000001e8aa825460, 0x000001e8aa825970,
0x000001e8aa828c10, 0x000001e89fbbc1a0, 0x000001e8aa5f6620, 0x000001e8aa5f98c0,
0x000001e8aa5f9dd0, 0x000001e8aa5f7040, 0x000001e8aa5f7a60
}

Java Threads: ( => current thread )
  0x000001e8c544c890 JavaThread "main" [_thread_blocked, id=7776, stack(0x000000052a500000,0x000000052a600000)]
  0x000001e8e4f05bb0 JavaThread "Reference Handler" daemon [_thread_blocked, id=8492, stack(0x000000052ac00000,0x000000052ad00000)]
  0x000001e8e4f06a30 JavaThread "Finalizer" daemon [_thread_blocked, id=5440, stack(0x000000052ad00000,0x000000052ae00000)]
  0x000001e8e4f1cab0 JavaThread "Signal Dispatcher" daemon [_thread_blocked, id=5088, stack(0x000000052ae00000,0x000000052af00000)]
  0x000001e8e4f1e140 JavaThread "Attach Listener" daemon [_thread_blocked, id=5248, stack(0x000000052af00000,0x000000052b000000)]
  0x000001e8e4f22080 JavaThread "Service Thread" daemon [_thread_blocked, id=9152, stack(0x000000052b000000,0x000000052b100000)]
  0x000001e8e4f22a40 JavaThread "Monitor Deflation Thread" daemon [_thread_blocked, id=5144, stack(0x000000052b100000,0x000000052b200000)]
=>0x000001e8e4f23ff0 JavaThread "C2 CompilerThread0" daemon [_thread_in_native, id=3888, stack(0x000000052b200000,0x000000052b300000)]
  0x000001e8e4f898f0 JavaThread "C1 CompilerThread0" daemon [_thread_blocked, id=4648, stack(0x000000052b300000,0x000000052b400000)]
  0x000001e89f120060 JavaThread "Sweeper thread" daemon [_thread_blocked, id=13056, stack(0x000000052b400000,0x000000052b500000)]
  0x000001e8e4eed960 JavaThread "Common-Cleaner" daemon [_thread_blocked, id=11708, stack(0x000000052b500000,0x000000052b600000)]
  0x000001e89f2812a0 JavaThread "Notification Thread" daemon [_thread_blocked, id=12344, stack(0x000000052b600000,0x000000052b700000)]
  0x000001e8a0635ab0 JavaThread "Daemon health stats" [_thread_blocked, id=2828, stack(0x000000052bb00000,0x000000052bc00000)]
  0x000001e8a0d410b0 JavaThread "Incoming local TCP Connector on port 53946" [_thread_in_native, id=8440, stack(0x000000052bc00000,0x000000052bd00000)]
  0x000001e8a09e4420 JavaThread "Daemon periodic checks" [_thread_blocked, id=7804, stack(0x000000052bd00000,0x000000052be00000)]
  0x000001e8a0b446f0 JavaThread "Daemon" [_thread_blocked, id=4556, stack(0x000000052be00000,0x000000052bf00000)]
  0x000001e8a055c4b0 JavaThread "Handler for socket connection from /127.0.0.1:53946 to /127.0.0.1:53948" [_thread_in_native, id=7668, stack(0x000000052bf00000,0x000000052c000000)]
  0x000001e89fbbef30 JavaThread "Cancel handler" [_thread_blocked, id=6020, stack(0x000000052c000000,0x000000052c100000)]
  0x000001e89fbbea20 JavaThread "Daemon worker" [_thread_blocked, id=7820, stack(0x000000052c100000,0x000000052c200000)]
  0x000001e89fbbc6b0 JavaThread "Asynchronous log dispatcher for DefaultDaemonConnection: socket connection from /127.0.0.1:53946 to /127.0.0.1:53948" [_thread_blocked, id=1812, stack(0x000000052c200000,0x000000052c300000)]
  0x000001e89fbbb780 JavaThread "Stdin handler" [_thread_blocked, id=13120, stack(0x000000052c300000,0x000000052c400000)]
  0x000001e89fbbbc90 JavaThread "Daemon client event forwarder" [_thread_blocked, id=13316, stack(0x000000052c400000,0x000000052c500000)]
  0x000001e89fbbe510 JavaThread "Cache worker for journal cache (C:\Users\User\.gradle\caches\journal-1)" [_thread_blocked, id=13332, stack(0x000000052c500000,0x000000052c600000)]
  0x000001e89fbbcbc0 JavaThread "File lock request listener" [_thread_in_native, id=13336, stack(0x000000052c600000,0x000000052c700000)]
  0x000001e89fbbe000 JavaThread "Cache worker for file hash cache (C:\Users\User\.gradle\caches\8.3\fileHashes)" [_thread_blocked, id=13340, stack(0x000000052c700000,0x000000052c800000)]
  0x000001e89fbbd0d0 JavaThread "File watcher server" daemon [_thread_in_native, id=13360, stack(0x000000052c800000,0x000000052c900000)]
  0x000001e89fbbd5e0 JavaThread "File watcher consumer" daemon [_thread_blocked, id=13364, stack(0x000000052c900000,0x000000052ca00000)]
  0x000001e89fbbdaf0 JavaThread "Cache worker for checksums cache (C:\Users\User\Desktop\GamesHub\android\.gradle\8.3\checksums)" [_thread_blocked, id=13372, stack(0x000000052ca00000,0x000000052cb00000)]
  0x000001e89fa3e410 JavaThread "Cache worker for file hash cache (C:\Users\User\Desktop\GamesHub\android\.gradle\8.3\fileHashes)" [_thread_blocked, id=13376, stack(0x000000052cb00000,0x000000052cc00000)]
  0x000001e89fa3f850 JavaThread "Cache worker for cache directory md-supplier (C:\Users\User\.gradle\caches\8.3\md-supplier)" [_thread_blocked, id=13380, stack(0x000000052cc00000,0x000000052cd00000)]
  0x000001e89fa3f340 JavaThread "Cache worker for file content cache (C:\Users\User\.gradle\caches\8.3\fileContent)" [_thread_blocked, id=13384, stack(0x000000052cd00000,0x000000052ce00000)]
  0x000001e89fa3e920 JavaThread "Cache worker for cache directory md-rule (C:\Users\User\.gradle\caches\8.3\md-rule)" [_thread_blocked, id=13404, stack(0x000000052cf00000,0x000000052d000000)]
  0x000001e89fa411a0 JavaThread "Cache worker for execution history cache (C:\Users\User\.gradle\caches\8.3\executionHistory)" [_thread_blocked, id=13408, stack(0x000000052d000000,0x000000052d100000)]
  0x000001e89fa3df00 JavaThread "jar transforms" [_thread_blocked, id=13432, stack(0x000000052d100000,0x000000052d200000)]
  0x000001e89fa3ee30 JavaThread "jar transforms Thread 2" [_thread_blocked, id=13436, stack(0x000000052d200000,0x000000052d300000)]
  0x000001e89fa3fd60 JavaThread "jar transforms Thread 3" [_thread_blocked, id=13448, stack(0x000000052d300000,0x000000052d400000)]
  0x000001e89fa40270 JavaThread "jar transforms Thread 4" [_thread_blocked, id=13452, stack(0x000000052d400000,0x000000052d500000)]
  0x000001e89fa40780 JavaThread "Cache worker for kotlin-dsl (C:\Users\User\.gradle\caches\8.3\kotlin-dsl)" [_thread_blocked, id=14244, stack(0x000000052a200000,0x000000052a300000)]
  0x000001e89fde7060 JavaThread "Unconstrained build operations" [_thread_blocked, id=10916, stack(0x000000052a400000,0x000000052a500000)]
  0x000001e89fdead20 JavaThread "Unconstrained build operations Thread 2" [_thread_blocked, id=7256, stack(0x000000052d700000,0x000000052d800000)]
  0x000001e89fdeb230 JavaThread "Cache worker for dependencies-accessors (C:\Users\User\Desktop\GamesHub\android\.gradle\8.3\dependencies-accessors)" [_thread_blocked, id=10724, stack(0x000000052d800000,0x000000052d900000)]
  0x000001e89fdeb740 JavaThread "Cache worker for Build Output Cleanup Cache (C:\Users\User\Desktop\GamesHub\node_modules\@react-native\gradle-plugin\.gradle\buildOutputCleanup)" [_thread_blocked, id=6492, stack(0x000000052d900000,0x000000052da00000)]
  0x000001e89fdedfc0 JavaThread "Unconstrained build operations Thread 3" [_thread_blocked, id=6684, stack(0x000000052da00000,0x000000052db00000)]
  0x000001e89fde7570 JavaThread "Unconstrained build operations Thread 4" [_thread_blocked, id=1008, stack(0x000000052db00000,0x000000052dc00000)]
  0x000001e89fdedab0 JavaThread "Unconstrained build operations Thread 5" [_thread_blocked, id=6896, stack(0x000000052dc00000,0x000000052dd00000)]
  0x000001e89fdee4d0 JavaThread "Memory manager" [_thread_blocked, id=13520, stack(0x000000052dd00000,0x000000052de00000)]
  0x000001e89fdee9e0 JavaThread "Cache worker for Build Output Cleanup Cache (C:\Users\User\Desktop\GamesHub\android\.gradle\buildOutputCleanup)" [_thread_blocked, id=8472, stack(0x000000052de00000,0x000000052df00000)]
  0x000001e89fde8ec0 JavaThread "ForkJoinPool.commonPool-worker-2" daemon [_thread_blocked, id=11812, stack(0x000000052e000000,0x000000052e100000)]
  0x000001e89fde84a0 JavaThread "Execution worker" [_thread_blocked, id=13800, stack(0x000000052e600000,0x000000052e700000)]
  0x000001e89fde93d0 JavaThread "Execution worker Thread 2" [_thread_blocked, id=11272, stack(0x000000052e700000,0x000000052e800000)]
  0x000001e89fde98e0 JavaThread "Execution worker Thread 3" [_thread_blocked, id=2996, stack(0x000000052e800000,0x000000052e900000)]
  0x000001e89fde9df0 JavaThread "Cache worker for execution history cache (C:\Users\User\Desktop\GamesHub\node_modules\@react-native\gradle-plugin\.gradle\8.3\executionHistory)" [_thread_blocked, id=5284, stack(0x000000052e900000,0x000000052ea00000)]
  0x000001e8a1811900 JavaThread "Unconstrained build operations Thread 6" [_thread_blocked, id=6312, stack(0x000000052ea00000,0x000000052eb00000)]
  0x000001e8a18104c0 JavaThread "Unconstrained build operations Thread 7" [_thread_blocked, id=11280, stack(0x000000052eb00000,0x000000052ec00000)]
  0x000001e8a18109d0 JavaThread "Unconstrained build operations Thread 8" [_thread_blocked, id=11400, stack(0x000000052ec00000,0x000000052ed00000)]
  0x000001e8a1810ee0 JavaThread "Unconstrained build operations Thread 9" [_thread_blocked, id=8428, stack(0x000000052ed00000,0x000000052ee00000)]
  0x000001e8a180ffb0 JavaThread "Unconstrained build operations Thread 10" [_thread_blocked, id=5740, stack(0x000000052ee00000,0x000000052ef00000)]
  0x000001e8a1811e10 JavaThread "Unconstrained build operations Thread 11" [_thread_blocked, id=7388, stack(0x000000052ef00000,0x000000052f000000)]
  0x000001e8a1813c70 JavaThread "Unconstrained build operations Thread 12" [_thread_blocked, id=6636, stack(0x000000052f000000,0x000000052f100000)]
  0x000001e8a1812320 JavaThread "Unconstrained build operations Thread 13" [_thread_blocked, id=4088, stack(0x000000052f100000,0x000000052f200000)]
  0x000001e8a180e660 JavaThread "Unconstrained build operations Thread 14" [_thread_blocked, id=3208, stack(0x000000052d500000,0x000000052d600000)]
  0x000001e8a18155c0 JavaThread "Unconstrained build operations Thread 15" [_thread_blocked, id=7372, stack(0x000000052df00000,0x000000052e000000)]
  0x000001e8a180e150 JavaThread "Unconstrained build operations Thread 16" [_thread_blocked, id=4276, stack(0x000000052e100000,0x000000052e200000)]
  0x000001e8a1815ad0 JavaThread "Unconstrained build operations Thread 17" [_thread_blocked, id=4676, stack(0x000000052e200000,0x000000052e300000)]
  0x000001e89fdec670 JavaThread "Unconstrained build operations Thread 18" [_thread_blocked, id=2296, stack(0x000000052d600000,0x000000052d700000)]
  0x000001e89fde7f90 JavaThread "Unconstrained build operations Thread 19" [_thread_blocked, id=12056, stack(0x000000052e300000,0x000000052e400000)]
  0x000001e89fde89b0 JavaThread "Unconstrained build operations Thread 20" [_thread_blocked, id=3584, stack(0x000000052e400000,0x000000052e500000)]
  0x000001e8aa829630 JavaThread "Unconstrained build operations Thread 21" [_thread_blocked, id=11924, stack(0x000000052e500000,0x000000052e600000)]
  0x000001e8aa82c3c0 JavaThread "Unconstrained build operations Thread 22" [_thread_blocked, id=6644, stack(0x000000052f200000,0x000000052f300000)]
  0x000001e8aa8268a0 JavaThread "Unconstrained build operations Thread 23" [_thread_blocked, id=10104, stack(0x000000052f300000,0x000000052f400000)]
  0x000001e8aa82aa70 JavaThread "ForkJoinPool.commonPool-worker-4" daemon [_thread_blocked, id=3492, stack(0x000000052f400000,0x000000052f500000)]
  0x000001e8aa826390 JavaThread "ForkJoinPool.commonPool-worker-5" daemon [_thread_blocked, id=8208, stack(0x000000052f500000,0x000000052f600000)]
  0x000001e8aa829120 JavaThread "included builds Thread 2" [_thread_blocked, id=13932, stack(0x000000052f600000,0x000000052f700000)]
  0x000001e8aa825e80 JavaThread "Unconstrained build operations Thread 24" [_thread_blocked, id=13936, stack(0x000000052f700000,0x000000052f800000)]
  0x000001e8aa82af80 JavaThread "Unconstrained build operations Thread 25" [_thread_blocked, id=5068, stack(0x000000052f800000,0x000000052f900000)]
  0x000001e8aa8277d0 JavaThread "Unconstrained build operations Thread 26" [_thread_blocked, id=3172, stack(0x000000052f900000,0x000000052fa00000)]
  0x000001e8aa82beb0 JavaThread "Unconstrained build operations Thread 27" [_thread_blocked, id=13744, stack(0x000000052fa00000,0x000000052fb00000)]
  0x000001e8aa827ce0 JavaThread "Unconstrained build operations Thread 28" [_thread_blocked, id=12904, stack(0x000000052fb00000,0x000000052fc00000)]
  0x000001e8aa8281f0 JavaThread "Unconstrained build operations Thread 29" [_thread_blocked, id=3604, stack(0x000000052fc00000,0x000000052fd00000)]
  0x000001e8aa82c8d0 JavaThread "Unconstrained build operations Thread 30" [_thread_blocked, id=2552, stack(0x000000052fd00000,0x000000052fe00000)]
  0x000001e8aa82b490 JavaThread "Unconstrained build operations Thread 31" [_thread_blocked, id=9740, stack(0x000000052fe00000,0x000000052ff00000)]
  0x000001e8aa828700 JavaThread "Unconstrained build operations Thread 32" [_thread_blocked, id=12940, stack(0x000000052ff00000,0x0000000530000000)]
  0x000001e8aa825460 JavaThread "Unconstrained build operations Thread 33" [_thread_blocked, id=5688, stack(0x0000000530000000,0x0000000530100000)]
  0x000001e8aa825970 JavaThread "Unconstrained build operations Thread 34" [_thread_blocked, id=14088, stack(0x0000000530100000,0x0000000530200000)]
  0x000001e8aa828c10 JavaThread "Unconstrained build operations Thread 35" [_thread_blocked, id=13972, stack(0x0000000530200000,0x0000000530300000)]
  0x000001e89fbbc1a0 JavaThread "Unconstrained build operations Thread 36" [_thread_blocked, id=13992, stack(0x0000000530300000,0x0000000530400000)]
  0x000001e8aa5f6620 JavaThread "Unconstrained build operations Thread 37" [_thread_blocked, id=13768, stack(0x0000000530400000,0x0000000530500000)]
  0x000001e8aa5f98c0 JavaThread "Unconstrained build operations Thread 38" [_thread_blocked, id=10668, stack(0x0000000530500000,0x0000000530600000)]
  0x000001e8aa5f9dd0 JavaThread "Unconstrained build operations Thread 39" [_thread_blocked, id=13888, stack(0x0000000530600000,0x0000000530700000)]
  0x000001e8aa5f7040 JavaThread "Unconstrained build operations Thread 40" [_thread_blocked, id=11556, stack(0x0000000530700000,0x0000000530800000)]
  0x000001e8aa5f7a60 JavaThread "Cache worker for execution history cache (C:\Users\User\Desktop\GamesHub\android\.gradle\8.3\executionHistory)" [_thread_blocked, id=1744, stack(0x0000000530800000,0x0000000530900000)]

Other Threads:
  0x000001e8e4efdf20 VMThread "VM Thread" [stack: 0x000000052ab00000,0x000000052ac00000] [id=8076]
  0x000001e8c544e770 WatcherThread [stack: 0x000000052b700000,0x000000052b800000] [id=9116]
  0x000001e8c53fe800 GCTaskThread "GC Thread#0" [stack: 0x000000052a600000,0x000000052a700000] [id=8984]
  0x000001e89f4eaf90 GCTaskThread "GC Thread#1" [stack: 0x000000052b800000,0x000000052b900000] [id=2280]
  0x000001e89f3bf4c0 GCTaskThread "GC Thread#2" [stack: 0x000000052b900000,0x000000052ba00000] [id=2656]
  0x000001e89fb6a890 GCTaskThread "GC Thread#3" [stack: 0x000000052ba00000,0x000000052bb00000] [id=10756]
  0x000001e8c54b5fd0 ConcurrentGCThread "G1 Main Marker" [stack: 0x000000052a700000,0x000000052a800000] [id=12972]
  0x000001e8c54b68f0 ConcurrentGCThread "G1 Conc#0" [stack: 0x000000052a800000,0x000000052a900000] [id=11508]
  0x000001e8e4db60d0 ConcurrentGCThread "G1 Refine#0" [stack: 0x000000052a900000,0x000000052aa00000] [id=9056]
  0x000001e8a0ffcd80 ConcurrentGCThread "G1 Refine#1" [stack: 0x000000052ce00000,0x000000052cf00000] [id=13400]
  0x000001e8e4db6b00 ConcurrentGCThread "G1 Service" [stack: 0x000000052aa00000,0x000000052ab00000] [id=7588]

Threads with active compile tasks:
C2 CompilerThread0   254924 16765   !   4       org.gradle.cache.internal.DefaultMultiProcessSafeIndexedCache::getIfPresent (25 bytes)

VM state: not at safepoint (normal execution)

VM Mutex/Monitor currently owned by a thread: None

Heap address: 0x0000000080000000, size: 2048 MB, Compressed Oops mode: 32-bit

CDS archive(s) mapped at: [0x000001e880000000-0x000001e880bd0000-0x000001e880bd0000), size 12386304, SharedBaseAddress: 0x000001e880000000, ArchiveRelocationMode: 1.
Compressed class space mapped at: 0x000001e881000000-0x000001e89b000000, reserved size: 436207616
Narrow klass base: 0x000001e880000000, Narrow klass shift: 0, Narrow klass range: 0x100000000

GC Precious Log:
 CPUs: 4 total, 4 available
 Memory: 8083M
 Large Page Support: Disabled
 NUMA Support: Disabled
 Compressed Oops: Enabled (32-bit)
 Heap Region Size: 1M
 Heap Min Capacity: 8M
 Heap Initial Capacity: 128M
 Heap Max Capacity: 2G
 Pre-touch: Disabled
 Parallel Workers: 4
 Concurrent Workers: 1
 Concurrent Refinement Workers: 4
 Periodic GC: Disabled

Heap:
 garbage-first heap   total 275456K, used 233832K [0x0000000080000000, 0x0000000100000000)
  region size 1024K, 25 young (25600K), 4 survivors (4096K)
 Metaspace       used 109583K, committed 110784K, reserved 557056K
  class space    used 15205K, committed 15744K, reserved 425984K

Heap Regions: E=young(eden), S=young(survivor), O=old, HS=humongous(starts), HC=humongous(continues), CS=collection set, F=free, OA=open archive, CA=closed archive, TAMS=top-at-mark-start (previous, next)
|   0|0x0000000080000000, 0x0000000080100000, 0x0000000080100000|100%| O|  |TAMS 0x0000000080100000, 0x0000000080000000| Untracked 
|   1|0x0000000080100000, 0x0000000080200000, 0x0000000080200000|100%| O|  |TAMS 0x0000000080200000, 0x0000000080100000| Untracked 
|   2|0x0000000080200000, 0x0000000080300000, 0x0000000080300000|100%|HS|  |TAMS 0x0000000080300000, 0x0000000080200000| Complete 
|   3|0x0000000080300000, 0x0000000080400000, 0x0000000080400000|100%|HC|  |TAMS 0x0000000080400000, 0x0000000080300000| Complete 
|   4|0x0000000080400000, 0x0000000080500000, 0x0000000080500000|100%|HC|  |TAMS 0x0000000080500000, 0x0000000080400000| Complete 
|   5|0x0000000080500000, 0x0000000080600000, 0x0000000080600000|100%|HC|  |TAMS 0x0000000080600000, 0x0000000080500000| Complete 
|   6|0x0000000080600000, 0x0000000080700000, 0x0000000080700000|100%| O|  |TAMS 0x0000000080700000, 0x0000000080600000| Untracked 
|   7|0x0000000080700000, 0x0000000080800000, 0x0000000080800000|100%| O|  |TAMS 0x0000000080800000, 0x0000000080700000| Untracked 
|   8|0x0000000080800000, 0x0000000080900000, 0x0000000080900000|100%| O|  |TAMS 0x0000000080900000, 0x0000000080800000| Untracked 
|   9|0x0000000080900000, 0x0000000080a00000, 0x0000000080a00000|100%| O|  |TAMS 0x0000000080a00000, 0x0000000080900000| Untracked 
|  10|0x0000000080a00000, 0x0000000080b00000, 0x0000000080b00000|100%| O|  |TAMS 0x0000000080b00000, 0x0000000080a00000| Untracked 
|  11|0x0000000080b00000, 0x0000000080c00000, 0x0000000080c00000|100%| O|  |TAMS 0x0000000080c00000, 0x0000000080b00000| Untracked 
|  12|0x0000000080c00000, 0x0000000080d00000, 0x0000000080d00000|100%| O|  |TAMS 0x0000000080d00000, 0x0000000080c00000| Untracked 
|  13|0x0000000080d00000, 0x0000000080e00000, 0x0000000080e00000|100%| O|  |TAMS 0x0000000080e00000, 0x0000000080d00000| Untracked 
|  14|0x0000000080e00000, 0x0000000080f00000, 0x0000000080f00000|100%| O|  |TAMS 0x0000000080f00000, 0x0000000080e00000| Untracked 
|  15|0x0000000080f00000, 0x0000000081000000, 0x0000000081000000|100%| O|  |TAMS 0x0000000081000000, 0x0000000080f00000| Untracked 
|  16|0x0000000081000000, 0x0000000081100000, 0x0000000081100000|100%| O|  |TAMS 0x0000000081100000, 0x0000000081000000| Untracked 
|  17|0x0000000081100000, 0x0000000081200000, 0x0000000081200000|100%| O|  |TAMS 0x0000000081200000, 0x0000000081100000| Untracked 
|  18|0x0000000081200000, 0x0000000081300000, 0x0000000081300000|100%| O|  |TAMS 0x0000000081300000, 0x0000000081200000| Untracked 
|  19|0x0000000081300000, 0x00000000813ea800, 0x0000000081400000| 91%| O|  |TAMS 0x00000000813ea800, 0x0000000081300000| Untracked 
|  20|0x0000000081400000, 0x0000000081500000, 0x0000000081500000|100%| O|  |TAMS 0x0000000081500000, 0x0000000081400000| Untracked 
|  21|0x0000000081500000, 0x0000000081600000, 0x0000000081600000|100%| O|  |TAMS 0x0000000081600000, 0x0000000081500000| Untracked 
|  22|0x0000000081600000, 0x0000000081700000, 0x0000000081700000|100%| O|  |TAMS 0x0000000081700000, 0x0000000081600000| Untracked 
|  23|0x0000000081700000, 0x0000000081800000, 0x0000000081800000|100%| O|  |TAMS 0x0000000081800000, 0x0000000081700000| Untracked 
|  24|0x0000000081800000, 0x0000000081900000, 0x0000000081900000|100%| O|  |TAMS 0x0000000081900000, 0x0000000081800000| Untracked 
|  25|0x0000000081900000, 0x0000000081a00000, 0x0000000081a00000|100%| O|  |TAMS 0x0000000081a00000, 0x0000000081900000| Untracked 
|  26|0x0000000081a00000, 0x0000000081b00000, 0x0000000081b00000|100%| O|  |TAMS 0x0000000081b00000, 0x0000000081a00000| Untracked 
|  27|0x0000000081b00000, 0x0000000081c00000, 0x0000000081c00000|100%| O|  |TAMS 0x0000000081c00000, 0x0000000081b00000| Untracked 
|  28|0x0000000081c00000, 0x0000000081d00000, 0x0000000081d00000|100%| O|  |TAMS 0x0000000081d00000, 0x0000000081c00000| Untracked 
|  29|0x0000000081d00000, 0x0000000081e00000, 0x0000000081e00000|100%| O|  |TAMS 0x0000000081d00000, 0x0000000081d00000| Untracked 
|  30|0x0000000081e00000, 0x0000000081f00000, 0x0000000081f00000|100%| O|  |TAMS 0x0000000081f00000, 0x0000000081e00000| Untracked 
|  31|0x0000000081f00000, 0x0000000082000000, 0x0000000082000000|100%| O|  |TAMS 0x0000000082000000, 0x0000000081f00000| Untracked 
|  32|0x0000000082000000, 0x0000000082100000, 0x0000000082100000|100%| O|  |TAMS 0x0000000082100000, 0x0000000082000000| Untracked 
|  33|0x0000000082100000, 0x0000000082200000, 0x0000000082200000|100%| O|  |TAMS 0x0000000082200000, 0x0000000082100000| Untracked 
|  34|0x0000000082200000, 0x0000000082300000, 0x0000000082300000|100%| O|  |TAMS 0x0000000082300000, 0x0000000082200000| Untracked 
|  35|0x0000000082300000, 0x0000000082400000, 0x0000000082400000|100%| O|  |TAMS 0x0000000082400000, 0x0000000082300000| Untracked 
|  36|0x0000000082400000, 0x0000000082500000, 0x0000000082500000|100%| O|  |TAMS 0x0000000082500000, 0x0000000082400000| Untracked 
|  37|0x0000000082500000, 0x0000000082600000, 0x0000000082600000|100%| O|  |TAMS 0x0000000082600000, 0x0000000082500000| Untracked 
|  38|0x0000000082600000, 0x0000000082700000, 0x0000000082700000|100%| O|  |TAMS 0x0000000082700000, 0x0000000082600000| Untracked 
|  39|0x0000000082700000, 0x0000000082800000, 0x0000000082800000|100%|HS|  |TAMS 0x0000000082800000, 0x0000000082700000| Complete 
|  40|0x0000000082800000, 0x0000000082900000, 0x0000000082900000|100%|HC|  |TAMS 0x0000000082900000, 0x0000000082800000| Complete 
|  41|0x0000000082900000, 0x0000000082a00000, 0x0000000082a00000|100%|HS|  |TAMS 0x0000000082a00000, 0x0000000082900000| Complete 
|  42|0x0000000082a00000, 0x0000000082b00000, 0x0000000082b00000|100%|HC|  |TAMS 0x0000000082b00000, 0x0000000082a00000| Complete 
|  43|0x0000000082b00000, 0x0000000082c00000, 0x0000000082c00000|100%| O|  |TAMS 0x0000000082c00000, 0x0000000082b00000| Untracked 
|  44|0x0000000082c00000, 0x0000000082d00000, 0x0000000082d00000|100%| O|  |TAMS 0x0000000082d00000, 0x0000000082c00000| Untracked 
|  45|0x0000000082d00000, 0x0000000082e00000, 0x0000000082e00000|100%| O|  |TAMS 0x0000000082e00000, 0x0000000082d00000| Untracked 
|  46|0x0000000082e00000, 0x0000000082f00000, 0x0000000082f00000|100%| O|  |TAMS 0x0000000082f00000, 0x0000000082e00000| Untracked 
|  47|0x0000000082f00000, 0x0000000083000000, 0x0000000083000000|100%| O|  |TAMS 0x0000000083000000, 0x0000000082f00000| Untracked 
|  48|0x0000000083000000, 0x0000000083100000, 0x0000000083100000|100%| O|  |TAMS 0x0000000083100000, 0x0000000083000000| Untracked 
|  49|0x0000000083100000, 0x0000000083200000, 0x0000000083200000|100%|HS|  |TAMS 0x0000000083200000, 0x0000000083100000| Complete 
|  50|0x0000000083200000, 0x0000000083300000, 0x0000000083300000|100%|HC|  |TAMS 0x0000000083300000, 0x0000000083200000| Complete 
|  51|0x0000000083300000, 0x0000000083400000, 0x0000000083400000|100%|HC|  |TAMS 0x0000000083400000, 0x0000000083300000| Complete 
|  52|0x0000000083400000, 0x0000000083500000, 0x0000000083500000|100%|HC|  |TAMS 0x0000000083500000, 0x0000000083400000| Complete 
|  53|0x0000000083500000, 0x0000000083600000, 0x0000000083600000|100%| O|  |TAMS 0x0000000083600000, 0x0000000083500000| Untracked 
|  54|0x0000000083600000, 0x0000000083700000, 0x0000000083700000|100%| O|  |TAMS 0x0000000083700000, 0x0000000083600000| Untracked 
|  55|0x0000000083700000, 0x0000000083800000, 0x0000000083800000|100%|HS|  |TAMS 0x0000000083800000, 0x0000000083700000| Complete 
|  56|0x0000000083800000, 0x0000000083900000, 0x0000000083900000|100%|HC|  |TAMS 0x0000000083900000, 0x0000000083800000| Complete 
|  57|0x0000000083900000, 0x0000000083a00000, 0x0000000083a00000|100%|HC|  |TAMS 0x0000000083a00000, 0x0000000083900000| Complete 
|  58|0x0000000083a00000, 0x0000000083b00000, 0x0000000083b00000|100%|HC|  |TAMS 0x0000000083b00000, 0x0000000083a00000| Complete 
|  59|0x0000000083b00000, 0x0000000083c00000, 0x0000000083c00000|100%| O|  |TAMS 0x0000000083c00000, 0x0000000083b00000| Untracked 
|  60|0x0000000083c00000, 0x0000000083d00000, 0x0000000083d00000|100%| O|  |TAMS 0x0000000083d00000, 0x0000000083c00000| Untracked 
|  61|0x0000000083d00000, 0x0000000083e00000, 0x0000000083e00000|100%| O|  |TAMS 0x0000000083e00000, 0x0000000083d00000| Untracked 
|  62|0x0000000083e00000, 0x0000000083f00000, 0x0000000083f00000|100%| O|  |TAMS 0x0000000083f00000, 0x0000000083e00000| Untracked 
|  63|0x0000000083f00000, 0x0000000084000000, 0x0000000084000000|100%| O|  |TAMS 0x0000000084000000, 0x0000000083f00000| Untracked 
|  64|0x0000000084000000, 0x0000000084100000, 0x0000000084100000|100%| O|  |TAMS 0x0000000084100000, 0x0000000084000000| Untracked 
|  65|0x0000000084100000, 0x0000000084200000, 0x0000000084200000|100%|HS|  |TAMS 0x0000000084200000, 0x0000000084100000| Complete 
|  66|0x0000000084200000, 0x0000000084300000, 0x0000000084300000|100%|HS|  |TAMS 0x0000000084300000, 0x0000000084200000| Complete 
|  67|0x0000000084300000, 0x0000000084400000, 0x0000000084400000|100%|HS|  |TAMS 0x0000000084400000, 0x0000000084300000| Complete 
|  68|0x0000000084400000, 0x0000000084500000, 0x0000000084500000|100%| O|  |TAMS 0x0000000084500000, 0x0000000084400000| Untracked 
|  69|0x0000000084500000, 0x0000000084600000, 0x0000000084600000|100%|HS|  |TAMS 0x0000000084600000, 0x0000000084500000| Complete 
|  70|0x0000000084600000, 0x0000000084700000, 0x0000000084700000|100%| O|  |TAMS 0x0000000084700000, 0x0000000084600000| Untracked 
|  71|0x0000000084700000, 0x0000000084800000, 0x0000000084800000|100%| O|  |TAMS 0x0000000084800000, 0x0000000084700000| Untracked 
|  72|0x0000000084800000, 0x0000000084900000, 0x0000000084900000|100%| O|  |TAMS 0x0000000084900000, 0x0000000084800000| Untracked 
|  73|0x0000000084900000, 0x0000000084a00000, 0x0000000084a00000|100%| O|  |TAMS 0x0000000084a00000, 0x0000000084900000| Untracked 
|  74|0x0000000084a00000, 0x0000000084b00000, 0x0000000084b00000|100%| O|  |TAMS 0x0000000084b00000, 0x0000000084a00000| Untracked 
|  75|0x0000000084b00000, 0x0000000084c00000, 0x0000000084c00000|100%| O|  |TAMS 0x0000000084c00000, 0x0000000084b00000| Untracked 
|  76|0x0000000084c00000, 0x0000000084d00000, 0x0000000084d00000|100%| O|  |TAMS 0x0000000084d00000, 0x0000000084c00000| Untracked 
|  77|0x0000000084d00000, 0x0000000084e00000, 0x0000000084e00000|100%| O|  |TAMS 0x0000000084e00000, 0x0000000084d00000| Untracked 
|  78|0x0000000084e00000, 0x0000000084f00000, 0x0000000084f00000|100%| O|  |TAMS 0x0000000084f00000, 0x0000000084e00000| Untracked 
|  79|0x0000000084f00000, 0x0000000085000000, 0x0000000085000000|100%| O|  |TAMS 0x0000000085000000, 0x0000000084f00000| Untracked 
|  80|0x0000000085000000, 0x0000000085100000, 0x0000000085100000|100%| O|  |TAMS 0x0000000085100000, 0x0000000085000000| Untracked 
|  81|0x0000000085100000, 0x0000000085200000, 0x0000000085200000|100%| O|  |TAMS 0x0000000085200000, 0x0000000085100000| Untracked 
|  82|0x0000000085200000, 0x0000000085300000, 0x0000000085300000|100%| O|  |TAMS 0x0000000085300000, 0x0000000085200000| Untracked 
|  83|0x0000000085300000, 0x0000000085400000, 0x0000000085400000|100%| O|  |TAMS 0x0000000085400000, 0x0000000085300000| Untracked 
|  84|0x0000000085400000, 0x0000000085500000, 0x0000000085500000|100%| O|  |TAMS 0x0000000085400000, 0x0000000085400000| Untracked 
|  85|0x0000000085500000, 0x0000000085600000, 0x0000000085600000|100%| O|  |TAMS 0x0000000085600000, 0x0000000085500000| Untracked 
|  86|0x0000000085600000, 0x0000000085700000, 0x0000000085700000|100%| O|  |TAMS 0x0000000085700000, 0x0000000085600000| Untracked 
|  87|0x0000000085700000, 0x0000000085800000, 0x0000000085800000|100%| O|  |TAMS 0x0000000085800000, 0x0000000085700000| Untracked 
|  88|0x0000000085800000, 0x0000000085900000, 0x0000000085900000|100%| O|  |TAMS 0x0000000085900000, 0x0000000085800000| Untracked 
|  89|0x0000000085900000, 0x0000000085a00000, 0x0000000085a00000|100%| O|  |TAMS 0x0000000085969200, 0x0000000085900000| Untracked 
|  90|0x0000000085a00000, 0x0000000085b00000, 0x0000000085b00000|100%| O|  |TAMS 0x0000000085a00000, 0x0000000085a00000| Untracked 
|  91|0x0000000085b00000, 0x0000000085c00000, 0x0000000085c00000|100%| O|  |TAMS 0x0000000085b00000, 0x0000000085b00000| Untracked 
|  92|0x0000000085c00000, 0x0000000085d00000, 0x0000000085d00000|100%| O|  |TAMS 0x0000000085c00000, 0x0000000085c00000| Untracked 
|  93|0x0000000085d00000, 0x0000000085e00000, 0x0000000085e00000|100%| O|  |TAMS 0x0000000085d00000, 0x0000000085d00000| Untracked 
|  94|0x0000000085e00000, 0x0000000085f00000, 0x0000000085f00000|100%| O|  |TAMS 0x0000000085e00000, 0x0000000085e00000| Untracked 
|  95|0x0000000085f00000, 0x0000000086000000, 0x0000000086000000|100%| O|  |TAMS 0x0000000085f00000, 0x0000000085f00000| Untracked 
|  96|0x0000000086000000, 0x0000000086100000, 0x0000000086100000|100%| O|  |TAMS 0x0000000086000000, 0x0000000086000000| Untracked 
|  97|0x0000000086100000, 0x0000000086200000, 0x0000000086200000|100%| O|  |TAMS 0x0000000086100000, 0x0000000086100000| Untracked 
|  98|0x0000000086200000, 0x0000000086300000, 0x0000000086300000|100%| O|  |TAMS 0x0000000086200000, 0x0000000086200000| Untracked 
|  99|0x0000000086300000, 0x0000000086400000, 0x0000000086400000|100%| O|  |TAMS 0x0000000086300000, 0x0000000086300000| Untracked 
| 100|0x0000000086400000, 0x0000000086500000, 0x0000000086500000|100%| O|  |TAMS 0x0000000086400000, 0x0000000086400000| Untracked 
| 101|0x0000000086500000, 0x0000000086600000, 0x0000000086600000|100%| O|  |TAMS 0x0000000086500000, 0x0000000086500000| Untracked 
| 102|0x0000000086600000, 0x0000000086700000, 0x0000000086700000|100%| O|  |TAMS 0x0000000086600000, 0x0000000086600000| Untracked 
| 103|0x0000000086700000, 0x0000000086800000, 0x0000000086800000|100%| O|  |TAMS 0x0000000086700000, 0x0000000086700000| Untracked 
| 104|0x0000000086800000, 0x0000000086900000, 0x0000000086900000|100%| O|  |TAMS 0x0000000086800000, 0x0000000086800000| Untracked 
| 105|0x0000000086900000, 0x0000000086a00000, 0x0000000086a00000|100%| O|  |TAMS 0x0000000086900000, 0x0000000086900000| Untracked 
| 106|0x0000000086a00000, 0x0000000086b00000, 0x0000000086b00000|100%|HS|  |TAMS 0x0000000086a00000, 0x0000000086a00000| Complete 
| 107|0x0000000086b00000, 0x0000000086c00000, 0x0000000086c00000|100%|HS|  |TAMS 0x0000000086b00000, 0x0000000086b00000| Complete 
| 108|0x0000000086c00000, 0x0000000086d00000, 0x0000000086d00000|100%|HS|  |TAMS 0x0000000086c00000, 0x0000000086c00000| Complete 
| 109|0x0000000086d00000, 0x0000000086e00000, 0x0000000086e00000|100%|HC|  |TAMS 0x0000000086d00000, 0x0000000086d00000| Complete 
| 110|0x0000000086e00000, 0x0000000086f00000, 0x0000000086f00000|100%| O|  |TAMS 0x0000000086e00000, 0x0000000086e00000| Untracked 
| 111|0x0000000086f00000, 0x0000000087000000, 0x0000000087000000|100%| O|  |TAMS 0x0000000086f00000, 0x0000000086f00000| Untracked 
| 112|0x0000000087000000, 0x0000000087100000, 0x0000000087100000|100%| O|  |TAMS 0x0000000087000000, 0x0000000087000000| Untracked 
| 113|0x0000000087100000, 0x0000000087200000, 0x0000000087200000|100%| O|  |TAMS 0x0000000087100000, 0x0000000087100000| Untracked 
| 114|0x0000000087200000, 0x0000000087300000, 0x0000000087300000|100%| O|  |TAMS 0x0000000087200000, 0x0000000087200000| Untracked 
| 115|0x0000000087300000, 0x0000000087400000, 0x0000000087400000|100%| O|  |TAMS 0x0000000087300000, 0x0000000087300000| Untracked 
| 116|0x0000000087400000, 0x0000000087500000, 0x0000000087500000|100%| O|  |TAMS 0x0000000087400000, 0x0000000087400000| Untracked 
| 117|0x0000000087500000, 0x0000000087600000, 0x0000000087600000|100%| O|  |TAMS 0x0000000087500000, 0x0000000087500000| Untracked 
| 118|0x0000000087600000, 0x0000000087700000, 0x0000000087700000|100%| O|  |TAMS 0x0000000087600000, 0x0000000087600000| Untracked 
| 119|0x0000000087700000, 0x0000000087800000, 0x0000000087800000|100%| O|  |TAMS 0x0000000087700000, 0x0000000087700000| Untracked 
| 120|0x0000000087800000, 0x0000000087900000, 0x0000000087900000|100%| O|  |TAMS 0x0000000087800000, 0x0000000087800000| Untracked 
| 121|0x0000000087900000, 0x0000000087a00000, 0x0000000087a00000|100%| O|  |TAMS 0x0000000087900000, 0x0000000087900000| Untracked 
| 122|0x0000000087a00000, 0x0000000087b00000, 0x0000000087b00000|100%| O|  |TAMS 0x0000000087a00000, 0x0000000087a00000| Untracked 
| 123|0x0000000087b00000, 0x0000000087c00000, 0x0000000087c00000|100%| O|  |TAMS 0x0000000087b00000, 0x0000000087b00000| Untracked 
| 124|0x0000000087c00000, 0x0000000087d00000, 0x0000000087d00000|100%| O|  |TAMS 0x0000000087c00000, 0x0000000087c00000| Untracked 
| 125|0x0000000087d00000, 0x0000000087e00000, 0x0000000087e00000|100%|HS|  |TAMS 0x0000000087d00000, 0x0000000087d00000| Complete 
| 126|0x0000000087e00000, 0x0000000087f00000, 0x0000000087f00000|100%|HS|  |TAMS 0x0000000087e00000, 0x0000000087e00000| Complete 
| 127|0x0000000087f00000, 0x0000000088000000, 0x0000000088000000|100%| O|  |TAMS 0x0000000087f00000, 0x0000000087f00000| Untracked 
| 128|0x0000000088000000, 0x0000000088100000, 0x0000000088100000|100%| O|  |TAMS 0x0000000088000000, 0x0000000088000000| Untracked 
| 129|0x0000000088100000, 0x0000000088200000, 0x0000000088200000|100%| O|  |TAMS 0x0000000088100000, 0x0000000088100000| Untracked 
| 130|0x0000000088200000, 0x0000000088300000, 0x0000000088300000|100%| O|  |TAMS 0x0000000088200000, 0x0000000088200000| Untracked 
| 131|0x0000000088300000, 0x0000000088400000, 0x0000000088400000|100%| O|  |TAMS 0x0000000088300000, 0x0000000088300000| Untracked 
| 132|0x0000000088400000, 0x0000000088500000, 0x0000000088500000|100%| O|  |TAMS 0x0000000088400000, 0x0000000088400000| Untracked 
| 133|0x0000000088500000, 0x0000000088600000, 0x0000000088600000|100%| O|  |TAMS 0x0000000088500000, 0x0000000088500000| Untracked 
| 134|0x0000000088600000, 0x0000000088700000, 0x0000000088700000|100%| O|  |TAMS 0x0000000088600000, 0x0000000088600000| Untracked 
| 135|0x0000000088700000, 0x0000000088800000, 0x0000000088800000|100%| O|  |TAMS 0x0000000088700000, 0x0000000088700000| Untracked 
| 136|0x0000000088800000, 0x0000000088900000, 0x0000000088900000|100%| O|  |TAMS 0x0000000088800000, 0x0000000088800000| Untracked 
| 137|0x0000000088900000, 0x0000000088a00000, 0x0000000088a00000|100%| O|  |TAMS 0x0000000088900000, 0x0000000088900000| Untracked 
| 138|0x0000000088a00000, 0x0000000088b00000, 0x0000000088b00000|100%| O|  |TAMS 0x0000000088a00000, 0x0000000088a00000| Untracked 
| 139|0x0000000088b00000, 0x0000000088c00000, 0x0000000088c00000|100%| O|  |TAMS 0x0000000088b00000, 0x0000000088b00000| Untracked 
| 140|0x0000000088c00000, 0x0000000088d00000, 0x0000000088d00000|100%| O|  |TAMS 0x0000000088c00000, 0x0000000088c00000| Untracked 
| 141|0x0000000088d00000, 0x0000000088e00000, 0x0000000088e00000|100%| O|  |TAMS 0x0000000088d00000, 0x0000000088d00000| Untracked 
| 142|0x0000000088e00000, 0x0000000088f00000, 0x0000000088f00000|100%| O|  |TAMS 0x0000000088e00000, 0x0000000088e00000| Untracked 
| 143|0x0000000088f00000, 0x0000000089000000, 0x0000000089000000|100%| O|  |TAMS 0x0000000088f00000, 0x0000000088f00000| Untracked 
| 144|0x0000000089000000, 0x0000000089100000, 0x0000000089100000|100%| O|  |TAMS 0x0000000089000000, 0x0000000089000000| Untracked 
| 145|0x0000000089100000, 0x0000000089200000, 0x0000000089200000|100%| O|  |TAMS 0x0000000089100000, 0x0000000089100000| Untracked 
| 146|0x0000000089200000, 0x0000000089300000, 0x0000000089300000|100%| O|  |TAMS 0x0000000089200000, 0x0000000089200000| Untracked 
| 147|0x0000000089300000, 0x0000000089400000, 0x0000000089400000|100%| O|  |TAMS 0x0000000089300000, 0x0000000089300000| Untracked 
| 148|0x0000000089400000, 0x0000000089500000, 0x0000000089500000|100%| O|  |TAMS 0x0000000089400000, 0x0000000089400000| Untracked 
| 149|0x0000000089500000, 0x0000000089600000, 0x0000000089600000|100%| O|  |TAMS 0x0000000089500000, 0x0000000089500000| Untracked 
| 150|0x0000000089600000, 0x0000000089700000, 0x0000000089700000|100%| O|  |TAMS 0x0000000089600000, 0x0000000089600000| Untracked 
| 151|0x0000000089700000, 0x0000000089800000, 0x0000000089800000|100%| O|  |TAMS 0x0000000089700000, 0x0000000089700000| Untracked 
| 152|0x0000000089800000, 0x0000000089900000, 0x0000000089900000|100%| O|  |TAMS 0x0000000089800000, 0x0000000089800000| Untracked 
| 153|0x0000000089900000, 0x0000000089a00000, 0x0000000089a00000|100%| O|  |TAMS 0x0000000089900000, 0x0000000089900000| Untracked 
| 154|0x0000000089a00000, 0x0000000089b00000, 0x0000000089b00000|100%| O|  |TAMS 0x0000000089a00000, 0x0000000089a00000| Untracked 
| 155|0x0000000089b00000, 0x0000000089c00000, 0x0000000089c00000|100%| O|  |TAMS 0x0000000089b00000, 0x0000000089b00000| Untracked 
| 156|0x0000000089c00000, 0x0000000089d00000, 0x0000000089d00000|100%| O|  |TAMS 0x0000000089c00000, 0x0000000089c00000| Untracked 
| 157|0x0000000089d00000, 0x0000000089e00000, 0x0000000089e00000|100%|HS|  |TAMS 0x0000000089d00000, 0x0000000089d00000| Complete 
| 158|0x0000000089e00000, 0x0000000089f00000, 0x0000000089f00000|100%| O|  |TAMS 0x0000000089e00000, 0x0000000089e00000| Untracked 
| 159|0x0000000089f00000, 0x000000008a000000, 0x000000008a000000|100%| O|  |TAMS 0x0000000089f00000, 0x0000000089f00000| Untracked 
| 160|0x000000008a000000, 0x000000008a100000, 0x000000008a100000|100%| O|  |TAMS 0x000000008a000000, 0x000000008a000000| Untracked 
| 161|0x000000008a100000, 0x000000008a200000, 0x000000008a200000|100%| O|  |TAMS 0x000000008a100000, 0x000000008a100000| Untracked 
| 162|0x000000008a200000, 0x000000008a300000, 0x000000008a300000|100%| O|  |TAMS 0x000000008a200000, 0x000000008a200000| Untracked 
| 163|0x000000008a300000, 0x000000008a400000, 0x000000008a400000|100%| O|  |TAMS 0x000000008a300000, 0x000000008a300000| Untracked 
| 164|0x000000008a400000, 0x000000008a500000, 0x000000008a500000|100%| O|  |TAMS 0x000000008a400000, 0x000000008a400000| Untracked 
| 165|0x000000008a500000, 0x000000008a600000, 0x000000008a600000|100%| O|  |TAMS 0x000000008a500000, 0x000000008a500000| Untracked 
| 166|0x000000008a600000, 0x000000008a700000, 0x000000008a700000|100%| O|  |TAMS 0x000000008a600000, 0x000000008a600000| Untracked 
| 167|0x000000008a700000, 0x000000008a800000, 0x000000008a800000|100%| O|  |TAMS 0x000000008a700000, 0x000000008a700000| Untracked 
| 168|0x000000008a800000, 0x000000008a900000, 0x000000008a900000|100%| O|  |TAMS 0x000000008a800000, 0x000000008a800000| Untracked 
| 169|0x000000008a900000, 0x000000008aa00000, 0x000000008aa00000|100%| O|  |TAMS 0x000000008a900000, 0x000000008a900000| Untracked 
| 170|0x000000008aa00000, 0x000000008ab00000, 0x000000008ab00000|100%| O|  |TAMS 0x000000008aa00000, 0x000000008aa00000| Untracked 
| 171|0x000000008ab00000, 0x000000008ac00000, 0x000000008ac00000|100%| O|  |TAMS 0x000000008ab00000, 0x000000008ab00000| Untracked 
| 172|0x000000008ac00000, 0x000000008ad00000, 0x000000008ad00000|100%| O|  |TAMS 0x000000008ac00000, 0x000000008ac00000| Untracked 
| 173|0x000000008ad00000, 0x000000008ae00000, 0x000000008ae00000|100%| O|  |TAMS 0x000000008ad00000, 0x000000008ad00000| Untracked 
| 174|0x000000008ae00000, 0x000000008af00000, 0x000000008af00000|100%| O|  |TAMS 0x000000008ae00000, 0x000000008ae00000| Untracked 
| 175|0x000000008af00000, 0x000000008b000000, 0x000000008b000000|100%| O|  |TAMS 0x000000008af00000, 0x000000008af00000| Untracked 
| 176|0x000000008b000000, 0x000000008b100000, 0x000000008b100000|100%| O|  |TAMS 0x000000008b000000, 0x000000008b000000| Untracked 
| 177|0x000000008b100000, 0x000000008b200000, 0x000000008b200000|100%| O|  |TAMS 0x000000008b100000, 0x000000008b100000| Untracked 
| 178|0x000000008b200000, 0x000000008b300000, 0x000000008b300000|100%| O|  |TAMS 0x000000008b200000, 0x000000008b200000| Untracked 
| 179|0x000000008b300000, 0x000000008b400000, 0x000000008b400000|100%| O|  |TAMS 0x000000008b300000, 0x000000008b300000| Untracked 
| 180|0x000000008b400000, 0x000000008b500000, 0x000000008b500000|100%| O|  |TAMS 0x000000008b400000, 0x000000008b400000| Untracked 
| 181|0x000000008b500000, 0x000000008b600000, 0x000000008b600000|100%| O|  |TAMS 0x000000008b500000, 0x000000008b500000| Untracked 
| 182|0x000000008b600000, 0x000000008b700000, 0x000000008b700000|100%| O|  |TAMS 0x000000008b600000, 0x000000008b600000| Untracked 
| 183|0x000000008b700000, 0x000000008b800000, 0x000000008b800000|100%| O|  |TAMS 0x000000008b700000, 0x000000008b700000| Untracked 
| 184|0x000000008b800000, 0x000000008b900000, 0x000000008b900000|100%| O|  |TAMS 0x000000008b800000, 0x000000008b800000| Untracked 
| 185|0x000000008b900000, 0x000000008ba00000, 0x000000008ba00000|100%| O|  |TAMS 0x000000008b900000, 0x000000008b900000| Untracked 
| 186|0x000000008ba00000, 0x000000008bb00000, 0x000000008bb00000|100%| O|  |TAMS 0x000000008ba00000, 0x000000008ba00000| Untracked 
| 187|0x000000008bb00000, 0x000000008bc00000, 0x000000008bc00000|100%| O|  |TAMS 0x000000008bb00000, 0x000000008bb00000| Untracked 
| 188|0x000000008bc00000, 0x000000008bd00000, 0x000000008bd00000|100%| O|  |TAMS 0x000000008bc00000, 0x000000008bc00000| Untracked 
| 189|0x000000008bd00000, 0x000000008be00000, 0x000000008be00000|100%| O|  |TAMS 0x000000008bd00000, 0x000000008bd00000| Untracked 
| 190|0x000000008be00000, 0x000000008bf00000, 0x000000008bf00000|100%| O|  |TAMS 0x000000008be00000, 0x000000008be00000| Untracked 
| 191|0x000000008bf00000, 0x000000008c000000, 0x000000008c000000|100%| O|  |TAMS 0x000000008bf00000, 0x000000008bf00000| Untracked 
| 192|0x000000008c000000, 0x000000008c100000, 0x000000008c100000|100%| O|  |TAMS 0x000000008c000000, 0x000000008c000000| Untracked 
| 193|0x000000008c100000, 0x000000008c200000, 0x000000008c200000|100%| O|  |TAMS 0x000000008c100000, 0x000000008c100000| Untracked 
| 194|0x000000008c200000, 0x000000008c300000, 0x000000008c300000|100%| O|  |TAMS 0x000000008c200000, 0x000000008c200000| Untracked 
| 195|0x000000008c300000, 0x000000008c400000, 0x000000008c400000|100%| O|  |TAMS 0x000000008c300000, 0x000000008c300000| Untracked 
| 196|0x000000008c400000, 0x000000008c500000, 0x000000008c500000|100%| O|  |TAMS 0x000000008c400000, 0x000000008c400000| Untracked 
| 197|0x000000008c500000, 0x000000008c600000, 0x000000008c600000|100%| O|  |TAMS 0x000000008c500000, 0x000000008c500000| Untracked 
| 198|0x000000008c600000, 0x000000008c700000, 0x000000008c700000|100%| O|  |TAMS 0x000000008c600000, 0x000000008c600000| Untracked 
| 199|0x000000008c700000, 0x000000008c800000, 0x000000008c800000|100%| O|  |TAMS 0x000000008c700000, 0x000000008c700000| Untracked 
| 200|0x000000008c800000, 0x000000008c900000, 0x000000008c900000|100%| O|  |TAMS 0x000000008c800000, 0x000000008c800000| Untracked 
| 201|0x000000008c900000, 0x000000008ca00000, 0x000000008ca00000|100%| O|  |TAMS 0x000000008c900000, 0x000000008c900000| Untracked 
| 202|0x000000008ca00000, 0x000000008cb00000, 0x000000008cb00000|100%| O|  |TAMS 0x000000008ca00000, 0x000000008ca00000| Untracked 
| 203|0x000000008cb00000, 0x000000008cc00000, 0x000000008cc00000|100%| O|  |TAMS 0x000000008cb00000, 0x000000008cb00000| Untracked 
| 204|0x000000008cc00000, 0x000000008cd00000, 0x000000008cd00000|100%| O|  |TAMS 0x000000008cc00000, 0x000000008cc00000| Untracked 
| 205|0x000000008cd00000, 0x000000008cd6fa00, 0x000000008ce00000| 43%| O|  |TAMS 0x000000008cd00000, 0x000000008cd00000| Untracked 
| 206|0x000000008ce00000, 0x000000008ce00000, 0x000000008cf00000|  0%| F|  |TAMS 0x000000008ce00000, 0x000000008ce00000| Untracked 
| 207|0x000000008cf00000, 0x000000008cf00000, 0x000000008d000000|  0%| F|  |TAMS 0x000000008cf00000, 0x000000008cf00000| Untracked 
| 208|0x000000008d000000, 0x000000008d000000, 0x000000008d100000|  0%| F|  |TAMS 0x000000008d000000, 0x000000008d000000| Untracked 
| 209|0x000000008d100000, 0x000000008d100000, 0x000000008d200000|  0%| F|  |TAMS 0x000000008d100000, 0x000000008d100000| Untracked 
| 210|0x000000008d200000, 0x000000008d200000, 0x000000008d300000|  0%| F|  |TAMS 0x000000008d200000, 0x000000008d200000| Untracked 
| 211|0x000000008d300000, 0x000000008d300000, 0x000000008d400000|  0%| F|  |TAMS 0x000000008d300000, 0x000000008d300000| Untracked 
| 212|0x000000008d400000, 0x000000008d400000, 0x000000008d500000|  0%| F|  |TAMS 0x000000008d400000, 0x000000008d400000| Untracked 
| 213|0x000000008d500000, 0x000000008d500000, 0x000000008d600000|  0%| F|  |TAMS 0x000000008d500000, 0x000000008d500000| Untracked 
| 214|0x000000008d600000, 0x000000008d600000, 0x000000008d700000|  0%| F|  |TAMS 0x000000008d600000, 0x000000008d600000| Untracked 
| 215|0x000000008d700000, 0x000000008d700000, 0x000000008d800000|  0%| F|  |TAMS 0x000000008d700000, 0x000000008d700000| Untracked 
| 216|0x000000008d800000, 0x000000008d800000, 0x000000008d900000|  0%| F|  |TAMS 0x000000008d800000, 0x000000008d800000| Untracked 
| 217|0x000000008d900000, 0x000000008d900000, 0x000000008da00000|  0%| F|  |TAMS 0x000000008d900000, 0x000000008d900000| Untracked 
| 218|0x000000008da00000, 0x000000008da00000, 0x000000008db00000|  0%| F|  |TAMS 0x000000008da00000, 0x000000008da00000| Untracked 
| 219|0x000000008db00000, 0x000000008db00000, 0x000000008dc00000|  0%| F|  |TAMS 0x000000008db00000, 0x000000008db00000| Untracked 
| 220|0x000000008dc00000, 0x000000008dc00000, 0x000000008dd00000|  0%| F|  |TAMS 0x000000008dc00000, 0x000000008dc00000| Untracked 
| 221|0x000000008dd00000, 0x000000008dd00000, 0x000000008de00000|  0%| F|  |TAMS 0x000000008dd00000, 0x000000008dd00000| Untracked 
| 222|0x000000008de00000, 0x000000008de00000, 0x000000008df00000|  0%| F|  |TAMS 0x000000008de00000, 0x000000008de00000| Untracked 
| 223|0x000000008df00000, 0x000000008df00000, 0x000000008e000000|  0%| F|  |TAMS 0x000000008df00000, 0x000000008df00000| Untracked 
| 224|0x000000008e000000, 0x000000008e000000, 0x000000008e100000|  0%| F|  |TAMS 0x000000008e000000, 0x000000008e000000| Untracked 
| 225|0x000000008e100000, 0x000000008e100000, 0x000000008e200000|  0%| F|  |TAMS 0x000000008e100000, 0x000000008e100000| Untracked 
| 226|0x000000008e200000, 0x000000008e200000, 0x000000008e300000|  0%| F|  |TAMS 0x000000008e200000, 0x000000008e200000| Untracked 
| 227|0x000000008e300000, 0x000000008e300000, 0x000000008e400000|  0%| F|  |TAMS 0x000000008e300000, 0x000000008e300000| Untracked 
| 228|0x000000008e400000, 0x000000008e400000, 0x000000008e500000|  0%| F|  |TAMS 0x000000008e400000, 0x000000008e400000| Untracked 
| 229|0x000000008e500000, 0x000000008e500000, 0x000000008e600000|  0%| F|  |TAMS 0x000000008e500000, 0x000000008e500000| Untracked 
| 230|0x000000008e600000, 0x000000008e600000, 0x000000008e700000|  0%| F|  |TAMS 0x000000008e600000, 0x000000008e600000| Untracked 
| 231|0x000000008e700000, 0x000000008e700000, 0x000000008e800000|  0%| F|  |TAMS 0x000000008e700000, 0x000000008e700000| Untracked 
| 232|0x000000008e800000, 0x000000008e800000, 0x000000008e900000|  0%| F|  |TAMS 0x000000008e800000, 0x000000008e800000| Untracked 
| 233|0x000000008e900000, 0x000000008e900000, 0x000000008ea00000|  0%| F|  |TAMS 0x000000008e900000, 0x000000008e900000| Untracked 
| 234|0x000000008ea00000, 0x000000008ea00000, 0x000000008eb00000|  0%| F|  |TAMS 0x000000008ea00000, 0x000000008ea00000| Untracked 
| 235|0x000000008eb00000, 0x000000008ec00000, 0x000000008ec00000|100%| S|CS|TAMS 0x000000008eb00000, 0x000000008eb00000| Complete 
| 236|0x000000008ec00000, 0x000000008ed00000, 0x000000008ed00000|100%| S|CS|TAMS 0x000000008ec00000, 0x000000008ec00000| Complete 
| 237|0x000000008ed00000, 0x000000008ee00000, 0x000000008ee00000|100%| S|CS|TAMS 0x000000008ed00000, 0x000000008ed00000| Complete 
| 238|0x000000008ee00000, 0x000000008ef00000, 0x000000008ef00000|100%| S|CS|TAMS 0x000000008ee00000, 0x000000008ee00000| Complete 
| 239|0x000000008ef00000, 0x000000008ef00000, 0x000000008f000000|  0%| F|  |TAMS 0x000000008ef00000, 0x000000008ef00000| Untracked 
| 240|0x000000008f000000, 0x000000008f000000, 0x000000008f100000|  0%| F|  |TAMS 0x000000008f000000, 0x000000008f000000| Untracked 
| 241|0x000000008f100000, 0x000000008f100000, 0x000000008f200000|  0%| F|  |TAMS 0x000000008f100000, 0x000000008f100000| Untracked 
| 242|0x000000008f200000, 0x000000008f200000, 0x000000008f300000|  0%| F|  |TAMS 0x000000008f200000, 0x000000008f200000| Untracked 
| 243|0x000000008f300000, 0x000000008f300000, 0x000000008f400000|  0%| F|  |TAMS 0x000000008f300000, 0x000000008f300000| Untracked 
| 244|0x000000008f400000, 0x000000008f400000, 0x000000008f500000|  0%| F|  |TAMS 0x000000008f400000, 0x000000008f400000| Untracked 
| 245|0x000000008f500000, 0x000000008f500000, 0x000000008f600000|  0%| F|  |TAMS 0x000000008f500000, 0x000000008f500000| Untracked 
| 246|0x000000008f600000, 0x000000008f600000, 0x000000008f700000|  0%| F|  |TAMS 0x000000008f600000, 0x000000008f600000| Untracked 
| 247|0x000000008f700000, 0x000000008f700000, 0x000000008f800000|  0%| F|  |TAMS 0x000000008f700000, 0x000000008f700000| Untracked 
| 248|0x000000008f800000, 0x000000008f8d2c68, 0x000000008f900000| 82%| E|  |TAMS 0x000000008f800000, 0x000000008f800000| Complete 
| 249|0x000000008f900000, 0x000000008fa00000, 0x000000008fa00000|100%| E|CS|TAMS 0x000000008f900000, 0x000000008f900000| Complete 
| 250|0x000000008fa00000, 0x000000008fb00000, 0x000000008fb00000|100%| E|  |TAMS 0x000000008fa00000, 0x000000008fa00000| Complete 
| 251|0x000000008fb00000, 0x000000008fc00000, 0x000000008fc00000|100%| E|CS|TAMS 0x000000008fb00000, 0x000000008fb00000| Complete 
| 252|0x000000008fc00000, 0x000000008fd00000, 0x000000008fd00000|100%| E|CS|TAMS 0x000000008fc00000, 0x000000008fc00000| Complete 
| 253|0x000000008fd00000, 0x000000008fe00000, 0x000000008fe00000|100%| E|CS|TAMS 0x000000008fd00000, 0x000000008fd00000| Complete 
| 254|0x000000008fe00000, 0x000000008ff00000, 0x000000008ff00000|100%| E|CS|TAMS 0x000000008fe00000, 0x000000008fe00000| Complete 
| 255|0x000000008ff00000, 0x0000000090000000, 0x0000000090000000|100%| E|CS|TAMS 0x000000008ff00000, 0x000000008ff00000| Complete 
| 256|0x0000000090000000, 0x0000000090100000, 0x0000000090100000|100%| E|CS|TAMS 0x0000000090000000, 0x0000000090000000| Complete 
| 257|0x0000000090100000, 0x0000000090200000, 0x0000000090200000|100%| E|CS|TAMS 0x0000000090100000, 0x0000000090100000| Complete 
| 258|0x0000000090200000, 0x0000000090300000, 0x0000000090300000|100%| E|CS|TAMS 0x0000000090200000, 0x0000000090200000| Complete 
| 259|0x0000000090300000, 0x0000000090400000, 0x0000000090400000|100%| E|CS|TAMS 0x0000000090300000, 0x0000000090300000| Complete 
| 260|0x0000000090400000, 0x0000000090500000, 0x0000000090500000|100%| E|CS|TAMS 0x0000000090400000, 0x0000000090400000| Complete 
| 261|0x0000000090500000, 0x0000000090600000, 0x0000000090600000|100%| E|CS|TAMS 0x0000000090500000, 0x0000000090500000| Complete 
| 262|0x0000000090600000, 0x0000000090700000, 0x0000000090700000|100%| E|CS|TAMS 0x0000000090600000, 0x0000000090600000| Complete 
| 263|0x0000000090700000, 0x0000000090800000, 0x0000000090800000|100%| E|CS|TAMS 0x0000000090700000, 0x0000000090700000| Complete 
| 264|0x0000000090800000, 0x0000000090900000, 0x0000000090900000|100%| E|CS|TAMS 0x0000000090800000, 0x0000000090800000| Complete 
| 265|0x0000000090900000, 0x0000000090a00000, 0x0000000090a00000|100%| E|CS|TAMS 0x0000000090900000, 0x0000000090900000| Complete 
| 266|0x0000000090a00000, 0x0000000090b00000, 0x0000000090b00000|100%| E|CS|TAMS 0x0000000090a00000, 0x0000000090a00000| Complete 
| 267|0x0000000090b00000, 0x0000000090c00000, 0x0000000090c00000|100%| E|CS|TAMS 0x0000000090b00000, 0x0000000090b00000| Complete 
| 268|0x0000000090c00000, 0x0000000090d00000, 0x0000000090d00000|100%| E|CS|TAMS 0x0000000090c00000, 0x0000000090c00000| Complete 

Card table byte_map: [0x000001e8de150000,0x000001e8de550000] _byte_map_base: 0x000001e8ddd50000

Marking Bits (Prev, Next): (CMBitMap*) 0x000001e8c54a56d0, (CMBitMap*) 0x000001e8c54a5690
 Prev Bits: [0x000001e8e0950000, 0x000001e8e2950000)
 Next Bits: [0x000001e8de950000, 0x000001e8e0950000)

Polling page: 0x000001e8c5280000

Metaspace:

Usage:
  Non-class:     92.17 MB used.
      Class:     14.85 MB used.
       Both:    107.01 MB used.

Virtual space:
  Non-class space:      128.00 MB reserved,      92.81 MB ( 73%) committed,  2 nodes.
      Class space:      416.00 MB reserved,      15.38 MB (  4%) committed,  1 nodes.
             Both:      544.00 MB reserved,     108.19 MB ( 20%) committed. 

Chunk freelists:
   Non-Class:  3.17 MB
       Class:  517.00 KB
        Both:  3.68 MB

MaxMetaspaceSize: 512.00 MB
CompressedClassSpaceSize: 416.00 MB
Initial GC threshold: 21.00 MB
Current GC threshold: 133.56 MB
CDS: on
MetaspaceReclaimPolicy: balanced
 - commit_granule_bytes: 65536.
 - commit_granule_words: 8192.
 - virtual_space_node_default_size: 8388608.
 - enlarge_chunks_in_place: 1.
 - new_chunks_are_fully_committed: 0.
 - uncommit_free_chunks: 1.
 - use_allocation_guard: 0.
 - handle_deallocations: 1.


Internal statistics:

num_allocs_failed_limit: 6.
num_arena_births: 1578.
num_arena_deaths: 0.
num_vsnodes_births: 3.
num_vsnodes_deaths: 0.
num_space_committed: 1731.
num_space_uncommitted: 0.
num_chunks_returned_to_freelist: 6.
num_chunks_taken_from_freelist: 6408.
num_chunk_merges: 6.
num_chunk_splits: 4059.
num_chunks_enlarged: 2518.
num_inconsistent_stats: 0.

CodeHeap 'non-profiled nmethods': size=120000Kb used=9578Kb max_used=9578Kb free=110421Kb
 bounds [0x000001e8d6200000, 0x000001e8d6b60000, 0x000001e8dd730000]
CodeHeap 'profiled nmethods': size=120000Kb used=29367Kb max_used=29367Kb free=90632Kb
 bounds [0x000001e8ce730000, 0x000001e8d03e0000, 0x000001e8d5c60000]
CodeHeap 'non-nmethods': size=5760Kb used=2463Kb max_used=2546Kb free=3296Kb
 bounds [0x000001e8d5c60000, 0x000001e8d5f00000, 0x000001e8d6200000]
 total_blobs=15471 nmethods=14473 adapters=909
 compilation: enabled
              stopped_count=0, restarted_count=0
 full_count=0

Compilation events (20 events):
Event: 254.338 Thread 0x000001e8e4f23ff0 nmethod 16763 0x000001e8d6b4d090 code [0x000001e8d6b4d240, 0x000001e8d6b4d578]
Event: 254.338 Thread 0x000001e8e4f23ff0 16762       4       java.nio.file.attribute.FileTime::toMillis (98 bytes)
Event: 254.341 Thread 0x000001e8e4f23ff0 nmethod 16762 0x000001e8d6b4d910 code [0x000001e8d6b4da80, 0x000001e8d6b4dbd8]
Event: 254.344 Thread 0x000001e8e4f23ff0 16764   !   4       org.gradle.cache.internal.ExclusiveCacheAccessingWorker::addToQueue (37 bytes)
Event: 254.391 Thread 0x000001e8e4f23ff0 nmethod 16764 0x000001e8d6b4dd10 code [0x000001e8d6b4df40, 0x000001e8d6b4f0a0]
Event: 254.391 Thread 0x000001e8e4f23ff0 16766       4       java.util.AbstractCollection::remove (67 bytes)
Event: 254.464 Thread 0x000001e8e4f23ff0 nmethod 16766 0x000001e8d6b4f990 code [0x000001e8d6b4fbc0, 0x000001e8d6b51588]
Event: 254.465 Thread 0x000001e8e4f23ff0 16767   !   4       org.gradle.cache.internal.LockOnDemandCrossProcessCacheAccess::decrementLockCount (86 bytes)
Event: 254.476 Thread 0x000001e8e4f23ff0 nmethod 16767 0x000001e8d6b51f10 code [0x000001e8d6b520c0, 0x000001e8d6b526b8]
Event: 254.476 Thread 0x000001e8e4f23ff0 16768   !   4       org.gradle.cache.internal.LockOnDemandCrossProcessCacheAccess::incrementLockCount (193 bytes)
Event: 254.497 Thread 0x000001e8e4f23ff0 nmethod 16768 0x000001e8d6b52a90 code [0x000001e8d6b52cc0, 0x000001e8d6b53740]
Event: 254.497 Thread 0x000001e8e4f23ff0 16769       4       sun.nio.fs.WindowsPathParser::parse (384 bytes)
Event: 254.548 Thread 0x000001e8e4f23ff0 nmethod 16769 0x000001e8d6b53f10 code [0x000001e8d6b54180, 0x000001e8d6b55bb0]
Event: 254.549 Thread 0x000001e8e4f23ff0 16771       4       com.google.common.cache.LocalCache$Segment::evictEntries (106 bytes)
Event: 254.595 Thread 0x000001e8e4f23ff0 nmethod 16771 0x000001e8d6b56b10 code [0x000001e8d6b56d40, 0x000001e8d6b57d48]
Event: 254.595 Thread 0x000001e8e4f23ff0 16770       4       com.google.common.cache.LocalCache$Segment::recordWrite (72 bytes)
Event: 254.628 Thread 0x000001e8e4f23ff0 nmethod 16770 0x000001e8d6b58a10 code [0x000001e8d6b58c20, 0x000001e8d6b59b18]
Event: 254.628 Thread 0x000001e8e4f23ff0 16772       4       org.gradle.cache.internal.btree.BTreePersistentIndexedCache$IndexRoot::getRoot (15 bytes)
Event: 254.632 Thread 0x000001e8e4f23ff0 nmethod 16772 0x000001e8d6b5a490 code [0x000001e8d6b5a640, 0x000001e8d6b5a908]
Event: 254.632 Thread 0x000001e8e4f23ff0 16765   !   4       org.gradle.cache.internal.DefaultMultiProcessSafeIndexedCache::getIfPresent (25 bytes)

GC Heap History (20 events):
Event: 242.959 GC heap before
{Heap before GC invocations=55 (full 0):
 garbage-first heap   total 229376K, used 198298K [0x0000000080000000, 0x0000000100000000)
  region size 1024K, 14 young (14336K), 1 survivors (1024K)
 Metaspace       used 105445K, committed 106560K, reserved 557056K
  class space    used 14743K, committed 15296K, reserved 425984K
}
Event: 242.964 GC heap after
{Heap after GC invocations=56 (full 0):
 garbage-first heap   total 229376K, used 185443K [0x0000000080000000, 0x0000000100000000)
  region size 1024K, 2 young (2048K), 2 survivors (2048K)
 Metaspace       used 105445K, committed 106560K, reserved 557056K
  class space    used 14743K, committed 15296K, reserved 425984K
}
Event: 243.724 GC heap before
{Heap before GC invocations=56 (full 0):
 garbage-first heap   total 229376K, used 198755K [0x0000000080000000, 0x0000000100000000)
  region size 1024K, 15 young (15360K), 2 survivors (2048K)
 Metaspace       used 106575K, committed 107712K, reserved 557056K
  class space    used 14882K, committed 15424K, reserved 425984K
}
Event: 243.729 GC heap after
{Heap after GC invocations=57 (full 0):
 garbage-first heap   total 229376K, used 186300K [0x0000000080000000, 0x0000000100000000)
  region size 1024K, 2 young (2048K), 2 survivors (2048K)
 Metaspace       used 106575K, committed 107712K, reserved 557056K
  class space    used 14882K, committed 15424K, reserved 425984K
}
Event: 244.447 GC heap before
{Heap before GC invocations=57 (full 0):
 garbage-first heap   total 229376K, used 198588K [0x0000000080000000, 0x0000000100000000)
  region size 1024K, 15 young (15360K), 2 survivors (2048K)
 Metaspace       used 107299K, committed 108416K, reserved 557056K
  class space    used 14979K, committed 15488K, reserved 425984K
}
Event: 244.460 GC heap after
{Heap after GC invocations=58 (full 0):
 garbage-first heap   total 229376K, used 187674K [0x0000000080000000, 0x0000000100000000)
  region size 1024K, 2 young (2048K), 2 survivors (2048K)
 Metaspace       used 107299K, committed 108416K, reserved 557056K
  class space    used 14979K, committed 15488K, reserved 425984K
}
Event: 245.462 GC heap before
{Heap before GC invocations=58 (full 0):
 garbage-first heap   total 229376K, used 199962K [0x0000000080000000, 0x0000000100000000)
  region size 1024K, 14 young (14336K), 2 survivors (2048K)
 Metaspace       used 107473K, committed 108608K, reserved 557056K
  class space    used 14989K, committed 15552K, reserved 425984K
}
Event: 245.475 GC heap after
{Heap after GC invocations=59 (full 0):
 garbage-first heap   total 275456K, used 191333K [0x0000000080000000, 0x0000000100000000)
  region size 1024K, 2 young (2048K), 2 survivors (2048K)
 Metaspace       used 107473K, committed 108608K, reserved 557056K
  class space    used 14989K, committed 15552K, reserved 425984K
}
Event: 247.762 GC heap before
{Heap before GC invocations=59 (full 0):
 garbage-first heap   total 275456K, used 229221K [0x0000000080000000, 0x0000000100000000)
  region size 1024K, 39 young (39936K), 2 survivors (2048K)
 Metaspace       used 108129K, committed 109248K, reserved 557056K
  class space    used 15051K, committed 15552K, reserved 425984K
}
Event: 247.777 GC heap after
{Heap after GC invocations=60 (full 0):
 garbage-first heap   total 275456K, used 196196K [0x0000000080000000, 0x0000000100000000)
  region size 1024K, 5 young (5120K), 5 survivors (5120K)
 Metaspace       used 108129K, committed 109248K, reserved 557056K
  class space    used 15051K, committed 15552K, reserved 425984K
}
Event: 249.522 GC heap before
{Heap before GC invocations=60 (full 0):
 garbage-first heap   total 275456K, used 232036K [0x0000000080000000, 0x0000000100000000)
  region size 1024K, 40 young (40960K), 5 survivors (5120K)
 Metaspace       used 108313K, committed 109504K, reserved 557056K
  class space    used 15053K, committed 15616K, reserved 425984K
}
Event: 249.538 GC heap after
{Heap after GC invocations=61 (full 0):
 garbage-first heap   total 275456K, used 199808K [0x0000000080000000, 0x0000000100000000)
  region size 1024K, 4 young (4096K), 4 survivors (4096K)
 Metaspace       used 108313K, committed 109504K, reserved 557056K
  class space    used 15053K, committed 15616K, reserved 425984K
}
Event: 250.899 GC heap before
{Heap before GC invocations=61 (full 0):
 garbage-first heap   total 275456K, used 233600K [0x0000000080000000, 0x0000000100000000)
  region size 1024K, 37 young (37888K), 4 survivors (4096K)
 Metaspace       used 108557K, committed 109696K, reserved 557056K
  class space    used 15075K, committed 15616K, reserved 425984K
}
Event: 250.913 GC heap after
{Heap after GC invocations=62 (full 0):
 garbage-first heap   total 275456K, used 204819K [0x0000000080000000, 0x0000000100000000)
  region size 1024K, 5 young (5120K), 5 survivors (5120K)
 Metaspace       used 108557K, committed 109696K, reserved 557056K
  class space    used 15075K, committed 15616K, reserved 425984K
}
Event: 252.120 GC heap before
{Heap before GC invocations=62 (full 0):
 garbage-first heap   total 275456K, used 233491K [0x0000000080000000, 0x0000000100000000)
  region size 1024K, 34 young (34816K), 5 survivors (5120K)
 Metaspace       used 109145K, committed 110400K, reserved 557056K
  class space    used 15147K, committed 15744K, reserved 425984K
}
Event: 252.135 GC heap after
{Heap after GC invocations=63 (full 0):
 garbage-first heap   total 275456K, used 207992K [0x0000000080000000, 0x0000000100000000)
  region size 1024K, 4 young (4096K), 4 survivors (4096K)
 Metaspace       used 109145K, committed 110400K, reserved 557056K
  class space    used 15147K, committed 15744K, reserved 425984K
}
Event: 252.974 GC heap before
{Heap before GC invocations=63 (full 0):
 garbage-first heap   total 275456K, used 235640K [0x0000000080000000, 0x0000000100000000)
  region size 1024K, 31 young (31744K), 4 survivors (4096K)
 Metaspace       used 109310K, committed 110528K, reserved 557056K
  class space    used 15154K, committed 15744K, reserved 425984K
}
Event: 252.983 GC heap after
{Heap after GC invocations=64 (full 0):
 garbage-first heap   total 275456K, used 209449K [0x0000000080000000, 0x0000000100000000)
  region size 1024K, 2 young (2048K), 2 survivors (2048K)
 Metaspace       used 109310K, committed 110528K, reserved 557056K
  class space    used 15154K, committed 15744K, reserved 425984K
}
Event: 254.116 GC heap before
{Heap before GC invocations=64 (full 0):
 garbage-first heap   total 275456K, used 237097K [0x0000000080000000, 0x0000000100000000)
  region size 1024K, 30 young (30720K), 2 survivors (2048K)
 Metaspace       used 109579K, committed 110784K, reserved 557056K
  class space    used 15205K, committed 15744K, reserved 425984K
}
Event: 254.127 GC heap after
{Heap after GC invocations=65 (full 0):
 garbage-first heap   total 275456K, used 214376K [0x0000000080000000, 0x0000000100000000)
  region size 1024K, 4 young (4096K), 4 survivors (4096K)
 Metaspace       used 109579K, committed 110784K, reserved 557056K
  class space    used 15205K, committed 15744K, reserved 425984K
}

Dll operation events (14 events):
Event: 0.020 Loaded shared library C:\Program Files\Microsoft\jdk-17.0.8.7-hotspot\bin\java.dll
Event: 0.059 Loaded shared library C:\Program Files\Microsoft\jdk-17.0.8.7-hotspot\bin\jsvml.dll
Event: 0.258 Loaded shared library C:\Program Files\Microsoft\jdk-17.0.8.7-hotspot\bin\zip.dll
Event: 0.265 Loaded shared library C:\Program Files\Microsoft\jdk-17.0.8.7-hotspot\bin\instrument.dll
Event: 0.272 Loaded shared library C:\Program Files\Microsoft\jdk-17.0.8.7-hotspot\bin\net.dll
Event: 0.276 Loaded shared library C:\Program Files\Microsoft\jdk-17.0.8.7-hotspot\bin\nio.dll
Event: 0.286 Loaded shared library C:\Program Files\Microsoft\jdk-17.0.8.7-hotspot\bin\zip.dll
Event: 0.850 Loaded shared library C:\Program Files\Microsoft\jdk-17.0.8.7-hotspot\bin\jimage.dll
Event: 1.046 Loaded shared library C:\Program Files\Microsoft\jdk-17.0.8.7-hotspot\bin\verify.dll
Event: 1.486 Loaded shared library C:\Users\User\.gradle\native\68d5fa5c4cc2d200863cafc0d521ce42e7d3e7ee720ec0a83991735586a16f82\windows-amd64\native-platform.dll
Event: 1.513 Loaded shared library C:\Users\User\.gradle\native\e376f236ea51e6404a007f0833ffe2c6e607c4080706a723a18a27aeea778392\windows-amd64\native-platform-file-events.dll
Event: 3.732 Loaded shared library C:\Program Files\Microsoft\jdk-17.0.8.7-hotspot\bin\management.dll
Event: 3.738 Loaded shared library C:\Program Files\Microsoft\jdk-17.0.8.7-hotspot\bin\management_ext.dll
Event: 5.016 Loaded shared library C:\Program Files\Microsoft\jdk-17.0.8.7-hotspot\bin\sunmscapi.dll

Deoptimization events (20 events):
Event: 253.356 Thread 0x000001e89fde98e0 Uncommon trap: trap_request=0xffffff45 fr.pc=0x000001e8d6a857fc relative=0x000000000000007c
Event: 253.356 Thread 0x000001e89fde98e0 Uncommon trap: reason=unstable_if action=reinterpret pc=0x000001e8d6a857fc method=org.gradle.api.internal.provider.AbstractProperty$NonFinalizedValue.maybeFinalizeOnRead(Lorg/gradle/internal/DisplayName;Lorg/gradle/internal/state/ModelObject;Lorg/gradle/a
Event: 253.356 Thread 0x000001e89fde98e0 DEOPT PACKING pc=0x000001e8d6a857fc sp=0x000000052e8fc5c0
Event: 253.356 Thread 0x000001e89fde98e0 DEOPT UNPACKING pc=0x000001e8d5cb69a3 sp=0x000000052e8fc548 mode 2
Event: 253.404 Thread 0x000001e89fde98e0 Uncommon trap: trap_request=0xffffffc6 fr.pc=0x000001e8d6aff448 relative=0x00000000000000a8
Event: 253.404 Thread 0x000001e89fde98e0 Uncommon trap: reason=bimorphic_or_optimized_type_check action=maybe_recompile pc=0x000001e8d6aff448 method=org.gradle.execution.plan.ActionNode.hasPendingPreExecutionNodes()Z @ 11 c2
Event: 253.404 Thread 0x000001e89fde98e0 DEOPT PACKING pc=0x000001e8d6aff448 sp=0x000000052e8feaa0
Event: 253.404 Thread 0x000001e89fde98e0 DEOPT UNPACKING pc=0x000001e8d5cb69a3 sp=0x000000052e8fea28 mode 2
Event: 253.419 Thread 0x000001e89fde98e0 Uncommon trap: trap_request=0xffffffc6 fr.pc=0x000001e8d6aff448 relative=0x00000000000000a8
Event: 253.419 Thread 0x000001e89fde98e0 Uncommon trap: reason=bimorphic_or_optimized_type_check action=maybe_recompile pc=0x000001e8d6aff448 method=org.gradle.execution.plan.ActionNode.hasPendingPreExecutionNodes()Z @ 11 c2
Event: 253.419 Thread 0x000001e89fde98e0 DEOPT PACKING pc=0x000001e8d6aff448 sp=0x000000052e8feaa0
Event: 253.419 Thread 0x000001e89fde98e0 DEOPT UNPACKING pc=0x000001e8d5cb69a3 sp=0x000000052e8fea28 mode 2
Event: 253.474 Thread 0x000001e89fde98e0 Uncommon trap: trap_request=0xffffffc6 fr.pc=0x000001e8d6aff448 relative=0x00000000000000a8
Event: 253.474 Thread 0x000001e89fde98e0 Uncommon trap: reason=bimorphic_or_optimized_type_check action=maybe_recompile pc=0x000001e8d6aff448 method=org.gradle.execution.plan.ActionNode.hasPendingPreExecutionNodes()Z @ 11 c2
Event: 253.474 Thread 0x000001e89fde98e0 DEOPT PACKING pc=0x000001e8d6aff448 sp=0x000000052e8feaa0
Event: 253.474 Thread 0x000001e89fde98e0 DEOPT UNPACKING pc=0x000001e8d5cb69a3 sp=0x000000052e8fea28 mode 2
Event: 253.482 Thread 0x000001e8aa829120 Uncommon trap: trap_request=0xffffffc6 fr.pc=0x000001e8d6aff448 relative=0x00000000000000a8
Event: 253.482 Thread 0x000001e8aa829120 Uncommon trap: reason=bimorphic_or_optimized_type_check action=maybe_recompile pc=0x000001e8d6aff448 method=org.gradle.execution.plan.ActionNode.hasPendingPreExecutionNodes()Z @ 11 c2
Event: 253.482 Thread 0x000001e8aa829120 DEOPT PACKING pc=0x000001e8d6aff448 sp=0x000000052f6fdb50
Event: 253.482 Thread 0x000001e8aa829120 DEOPT UNPACKING pc=0x000001e8d5cb69a3 sp=0x000000052f6fdad8 mode 2

Classes unloaded (0 events):
No events

Classes redefined (0 events):
No events

Internal exceptions (20 events):
Event: 243.611 Thread 0x000001e89fbbea20 Exception <a 'sun/nio/fs/WindowsException'{0x000000008d591fb8}> (0x000000008d591fb8) 
thrown [s\src\hotspot\share\prims\jni.cpp, line 516]
Event: 243.611 Thread 0x000001e89fbbea20 Exception <a 'sun/nio/fs/WindowsException'{0x000000008d5935f8}> (0x000000008d5935f8) 
thrown [s\src\hotspot\share\prims\jni.cpp, line 516]
Event: 243.612 Thread 0x000001e89fbbea20 Exception <a 'sun/nio/fs/WindowsException'{0x000000008d594c88}> (0x000000008d594c88) 
thrown [s\src\hotspot\share\prims\jni.cpp, line 516]
Event: 243.612 Thread 0x000001e89fbbea20 Exception <a 'sun/nio/fs/WindowsException'{0x000000008d596318}> (0x000000008d596318) 
thrown [s\src\hotspot\share\prims\jni.cpp, line 516]
Event: 243.737 Thread 0x000001e8e4f06a30 Implicit null exception at 0x000001e8d66a1f00 to 0x000001e8d66a256c
Event: 246.346 Thread 0x000001e89fbbea20 Exception <a 'java/lang/IncompatibleClassChangeError'{0x000000008feb1e98}: Found class java.lang.Object, but interface was expected> (0x000000008feb1e98) 
thrown [s\src\hotspot\share\interpreter\linkResolver.cpp, line 826]
Event: 246.856 Thread 0x000001e89fbbea20 Exception <a 'sun/nio/fs/WindowsException'{0x000000008f5eaa28}> (0x000000008f5eaa28) 
thrown [s\src\hotspot\share\prims\jni.cpp, line 516]
Event: 246.856 Thread 0x000001e89fbbea20 Exception <a 'sun/nio/fs/WindowsException'{0x000000008f5ec068}> (0x000000008f5ec068) 
thrown [s\src\hotspot\share\prims\jni.cpp, line 516]
Event: 246.856 Thread 0x000001e89fbbea20 Exception <a 'sun/nio/fs/WindowsException'{0x000000008f5ed6f8}> (0x000000008f5ed6f8) 
thrown [s\src\hotspot\share\prims\jni.cpp, line 516]
Event: 246.856 Thread 0x000001e89fbbea20 Exception <a 'sun/nio/fs/WindowsException'{0x000000008f5eed88}> (0x000000008f5eed88) 
thrown [s\src\hotspot\share\prims\jni.cpp, line 516]
Event: 251.378 Thread 0x000001e89fde93d0 Exception <a 'java/lang/NoSuchMethodError'{0x00000000908b7c08}: 'void java.lang.invoke.DirectMethodHandle$Holder.invokeStatic(java.lang.Object, java.lang.Object, java.lang.Object, java.lang.Object, int, java.lang.Object, java.lang.Object)'> (0x00000000908b7c08) 
thrown [s\src\hotspot\share\interpreter\linkResolver.cpp, line 759]
Event: 251.452 Thread 0x000001e8aa82af80 Exception <a 'java/lang/NoSuchMethodError'{0x0000000090648d40}: 'java.lang.Object java.lang.invoke.DirectMethodHandle$Holder.invokeSpecialIFC(java.lang.Object, java.lang.Object, java.lang.Object)'> (0x0000000090648d40) 
thrown [s\src\hotspot\share\interpreter\linkResolver.cpp, line 759]
Event: 251.657 Thread 0x000001e89fde93d0 Exception <a 'java/lang/NoSuchMethodError'{0x000000008ff52ba8}: 'void java.lang.invoke.DirectMethodHandle$Holder.invokeVirtual(java.lang.Object, java.lang.Object)'> (0x000000008ff52ba8) 
thrown [s\src\hotspot\share\interpreter\linkResolver.cpp, line 759]
Event: 253.232 Thread 0x000001e89fde98e0 Exception <a 'java/lang/ClassNotFoundException'{0x000000009097a780}: groovy/util/FileTreeBuilderBeanInfo> (0x000000009097a780) 
thrown [s\src\hotspot\share\classfile\systemDictionary.cpp, line 256]
Event: 253.235 Thread 0x000001e89fde98e0 Exception <a 'java/lang/ClassNotFoundException'{0x00000000909db860}: groovy/util/FileTreeBuilderCustomizer> (0x00000000909db860) 
thrown [s\src\hotspot\share\classfile\systemDictionary.cpp, line 256]
Event: 253.247 Thread 0x000001e89fde98e0 Exception <a 'java/lang/ClassNotFoundException'{0x0000000090812b00}: java/io/BufferedWriterBeanInfo> (0x0000000090812b00) 
thrown [s\src\hotspot\share\classfile\systemDictionary.cpp, line 256]
Event: 253.249 Thread 0x000001e89fde98e0 Exception <a 'java/lang/ClassNotFoundException'{0x0000000090817f58}: java/io/WriterBeanInfo> (0x0000000090817f58) 
thrown [s\src\hotspot\share\classfile\systemDictionary.cpp, line 256]
Event: 253.250 Thread 0x000001e89fde98e0 Exception <a 'java/lang/ClassNotFoundException'{0x000000009081d708}: java/io/WriterCustomizer> (0x000000009081d708) 
thrown [s\src\hotspot\share\classfile\systemDictionary.cpp, line 256]
Event: 253.251 Thread 0x000001e89fde98e0 Exception <a 'java/lang/ClassNotFoundException'{0x000000009082bb78}: java/io/BufferedWriterCustomizer> (0x000000009082bb78) 
thrown [s\src\hotspot\share\classfile\systemDictionary.cpp, line 256]
Event: 253.370 Thread 0x000001e89fde98e0 Exception <a 'java/lang/NoSuchMethodError'{0x00000000908bdf00}: static Lcom/android/build/api/variant/BuildConfigField;.<clinit>()V> (0x00000000908bdf00) 
thrown [s\src\hotspot\share\prims\jni.cpp, line 1107]

VM Operations (20 events):
Event: 250.899 Executing VM operation: G1CollectForAllocation
Event: 250.914 Executing VM operation: G1CollectForAllocation done
Event: 251.288 Executing VM operation: HandshakeAllThreads
Event: 251.288 Executing VM operation: HandshakeAllThreads done
Event: 251.394 Executing VM operation: HandshakeAllThreads
Event: 251.394 Executing VM operation: HandshakeAllThreads done
Event: 251.480 Executing VM operation: HandshakeAllThreads
Event: 251.480 Executing VM operation: HandshakeAllThreads done
Event: 251.485 Executing VM operation: HandshakeAllThreads
Event: 251.490 Executing VM operation: HandshakeAllThreads done
Event: 251.793 Executing VM operation: ICBufferFull
Event: 251.793 Executing VM operation: ICBufferFull done
Event: 252.120 Executing VM operation: G1CollectForAllocation
Event: 252.135 Executing VM operation: G1CollectForAllocation done
Event: 252.973 Executing VM operation: G1CollectForAllocation
Event: 252.983 Executing VM operation: G1CollectForAllocation done
Event: 253.637 Executing VM operation: ICBufferFull
Event: 253.639 Executing VM operation: ICBufferFull done
Event: 254.116 Executing VM operation: G1CollectForAllocation
Event: 254.129 Executing VM operation: G1CollectForAllocation done

Events (20 events):
Event: 252.523 Thread 0x000001e8aa5f98c0 Thread added: 0x000001e8aa5f98c0
Event: 252.574 Thread 0x000001e8aa5f9dd0 Thread added: 0x000001e8aa5f9dd0
Event: 252.613 Thread 0x000001e8aa5f7040 Thread added: 0x000001e8aa5f7040
Event: 253.098 Thread 0x000001e8aa5f7a60 Thread added: 0x000001e8aa5f7a60
Event: 253.247 loading class java/io/BufferedWriterBeanInfo
Event: 253.247 loading class java/io/BufferedWriterBeanInfo done
Event: 253.247 loading class java/io/BufferedWriterBeanInfo
Event: 253.247 loading class java/io/BufferedWriterBeanInfo done
Event: 253.248 loading class java/io/WriterBeanInfo
Event: 253.248 loading class java/io/WriterBeanInfo done
Event: 253.249 loading class java/io/WriterBeanInfo
Event: 253.249 loading class java/io/WriterBeanInfo done
Event: 253.249 loading class java/io/WriterCustomizer
Event: 253.249 loading class java/io/WriterCustomizer done
Event: 253.250 loading class java/io/WriterCustomizer
Event: 253.250 loading class java/io/WriterCustomizer done
Event: 253.250 loading class java/io/BufferedWriterCustomizer
Event: 253.250 loading class java/io/BufferedWriterCustomizer done
Event: 253.250 loading class java/io/BufferedWriterCustomizer
Event: 253.250 loading class java/io/BufferedWriterCustomizer done


Dynamic libraries:
0x00007ff6582b0000 - 0x00007ff6582be000 	C:\Program Files\Microsoft\jdk-17.0.8.7-hotspot\bin\java.exe
0x00007ff8d4330000 - 0x00007ff8d4528000 	C:\WINDOWS\SYSTEM32\ntdll.dll
0x00007ff8d41a0000 - 0x00007ff8d425d000 	C:\WINDOWS\System32\KERNEL32.DLL
0x00007ff8d1fd0000 - 0x00007ff8d22c6000 	C:\WINDOWS\System32\KERNELBASE.dll
0x00007ff8d19f0000 - 0x00007ff8d1af0000 	C:\WINDOWS\System32\ucrtbase.dll
0x00007ff8cab90000 - 0x00007ff8cabab000 	C:\Program Files\Microsoft\jdk-17.0.8.7-hotspot\bin\VCRUNTIME140.dll
0x00007ff8cabb0000 - 0x00007ff8cabc7000 	C:\Program Files\Microsoft\jdk-17.0.8.7-hotspot\bin\jli.dll
0x00007ff8ba290000 - 0x00007ff8ba52a000 	C:\WINDOWS\WinSxS\amd64_microsoft.windows.common-controls_6595b64144ccf1df_6.0.19041.4355_none_60b8b9eb71f62e16\COMCTL32.dll
0x00007ff8d36f0000 - 0x00007ff8d378e000 	C:\WINDOWS\System32\msvcrt.dll
0x00007ff8d38a0000 - 0x00007ff8d38cb000 	C:\WINDOWS\System32\GDI32.dll
0x00007ff8d1db0000 - 0x00007ff8d1dd2000 	C:\WINDOWS\System32\win32u.dll
0x00007ff8d1b60000 - 0x00007ff8d1c77000 	C:\WINDOWS\System32\gdi32full.dll
0x00007ff8d22d0000 - 0x00007ff8d236d000 	C:\WINDOWS\System32\msvcp_win.dll
0x00007ff8d3b00000 - 0x00007ff8d3c9f000 	C:\WINDOWS\System32\USER32.dll
0x00007ff8d40d0000 - 0x00007ff8d40ff000 	C:\WINDOWS\System32\IMM32.DLL
0x00007ff8cb8c0000 - 0x00007ff8cb8cc000 	C:\Program Files\Microsoft\jdk-17.0.8.7-hotspot\bin\vcruntime140_1.dll
0x00007ff8c6f00000 - 0x00007ff8c6f8d000 	C:\Program Files\Microsoft\jdk-17.0.8.7-hotspot\bin\msvcp140.dll
0x00007ff88b8c0000 - 0x00007ff88c525000 	C:\Program Files\Microsoft\jdk-17.0.8.7-hotspot\bin\server\jvm.dll
0x00007ff8d3270000 - 0x00007ff8d3320000 	C:\WINDOWS\System32\ADVAPI32.dll
0x00007ff8d4100000 - 0x00007ff8d41a0000 	C:\WINDOWS\System32\sechost.dll
0x00007ff8d39c0000 - 0x00007ff8d3ae3000 	C:\WINDOWS\System32\RPCRT4.dll
0x00007ff8d1c80000 - 0x00007ff8d1ca7000 	C:\WINDOWS\System32\bcrypt.dll
0x00007ff8d0f70000 - 0x00007ff8d0fbb000 	C:\WINDOWS\SYSTEM32\POWRPROF.dll
0x00007ff8cd120000 - 0x00007ff8cd129000 	C:\WINDOWS\SYSTEM32\WSOCK32.dll
0x00007ff8d3320000 - 0x00007ff8d338b000 	C:\WINDOWS\System32\WS2_32.dll
0x00007ff8cf880000 - 0x00007ff8cf8a7000 	C:\WINDOWS\SYSTEM32\WINMM.dll
0x00007ff8cf8b0000 - 0x00007ff8cf8ba000 	C:\WINDOWS\SYSTEM32\VERSION.dll
0x00007ff8d0de0000 - 0x00007ff8d0df2000 	C:\WINDOWS\SYSTEM32\UMPDC.dll
0x00007ff8d0200000 - 0x00007ff8d0212000 	C:\WINDOWS\SYSTEM32\kernel.appcore.dll
0x00007ff8caef0000 - 0x00007ff8caefa000 	C:\Program Files\Microsoft\jdk-17.0.8.7-hotspot\bin\jimage.dll
0x00007ff8cf690000 - 0x00007ff8cf874000 	C:\WINDOWS\SYSTEM32\DBGHELP.DLL
0x00007ff8cf650000 - 0x00007ff8cf684000 	C:\WINDOWS\SYSTEM32\dbgcore.DLL
0x00007ff8d1f40000 - 0x00007ff8d1fc2000 	C:\WINDOWS\System32\bcryptPrimitives.dll
0x00007ff8bdee0000 - 0x00007ff8bdeee000 	C:\Program Files\Microsoft\jdk-17.0.8.7-hotspot\bin\instrument.dll
0x00007ff8c4e80000 - 0x00007ff8c4ea5000 	C:\Program Files\Microsoft\jdk-17.0.8.7-hotspot\bin\java.dll
0x00007ff8c4840000 - 0x00007ff8c4917000 	C:\Program Files\Microsoft\jdk-17.0.8.7-hotspot\bin\jsvml.dll
0x00007ff8d2840000 - 0x00007ff8d2fac000 	C:\WINDOWS\System32\SHELL32.dll
0x00007ff8cf8c0000 - 0x00007ff8d005d000 	C:\WINDOWS\SYSTEM32\windows.storage.dll
0x00007ff8d3390000 - 0x00007ff8d36e3000 	C:\WINDOWS\System32\combase.dll
0x00007ff8d1410000 - 0x00007ff8d143e000 	C:\WINDOWS\SYSTEM32\Wldp.dll
0x00007ff8d30c0000 - 0x00007ff8d318d000 	C:\WINDOWS\System32\OLEAUT32.dll
0x00007ff8d3010000 - 0x00007ff8d30bd000 	C:\WINDOWS\System32\SHCORE.dll
0x00007ff8d3790000 - 0x00007ff8d37e5000 	C:\WINDOWS\System32\shlwapi.dll
0x00007ff8d1920000 - 0x00007ff8d1944000 	C:\WINDOWS\SYSTEM32\profapi.dll
0x00007ff8c4590000 - 0x00007ff8c45a8000 	C:\Program Files\Microsoft\jdk-17.0.8.7-hotspot\bin\zip.dll
0x00007ff8c45d0000 - 0x00007ff8c45e9000 	C:\Program Files\Microsoft\jdk-17.0.8.7-hotspot\bin\net.dll
0x00007ff8c64c0000 - 0x00007ff8c65ca000 	C:\WINDOWS\SYSTEM32\WINHTTP.dll
0x00007ff8d1170000 - 0x00007ff8d11da000 	C:\WINDOWS\system32\mswsock.dll
0x00007ff8c45b0000 - 0x00007ff8c45c6000 	C:\Program Files\Microsoft\jdk-17.0.8.7-hotspot\bin\nio.dll
0x00007ff8be2e0000 - 0x00007ff8be2f0000 	C:\Program Files\Microsoft\jdk-17.0.8.7-hotspot\bin\verify.dll
0x00007ff8a4ce0000 - 0x00007ff8a4d07000 	C:\Users\User\.gradle\native\68d5fa5c4cc2d200863cafc0d521ce42e7d3e7ee720ec0a83991735586a16f82\windows-amd64\native-platform.dll
0x00007ff890270000 - 0x00007ff8903b4000 	C:\Users\User\.gradle\native\e376f236ea51e6404a007f0833ffe2c6e607c4080706a723a18a27aeea778392\windows-amd64\native-platform-file-events.dll
0x00007ff8c45f0000 - 0x00007ff8c45f9000 	C:\Program Files\Microsoft\jdk-17.0.8.7-hotspot\bin\management.dll
0x00007ff8c43c0000 - 0x00007ff8c43cb000 	C:\Program Files\Microsoft\jdk-17.0.8.7-hotspot\bin\management_ext.dll
0x00007ff8d39b0000 - 0x00007ff8d39b8000 	C:\WINDOWS\System32\PSAPI.DLL
0x00007ff8d1360000 - 0x00007ff8d1378000 	C:\WINDOWS\SYSTEM32\CRYPTSP.dll
0x00007ff8d0a20000 - 0x00007ff8d0a54000 	C:\WINDOWS\system32\rsaenh.dll
0x00007ff8d1890000 - 0x00007ff8d18be000 	C:\WINDOWS\SYSTEM32\USERENV.dll
0x00007ff8d1380000 - 0x00007ff8d138c000 	C:\WINDOWS\SYSTEM32\CRYPTBASE.dll
0x00007ff8d0e00000 - 0x00007ff8d0e3b000 	C:\WINDOWS\SYSTEM32\IPHLPAPI.DLL
0x00007ff8d40c0000 - 0x00007ff8d40c8000 	C:\WINDOWS\System32\NSI.dll
0x00007ff8c3dd0000 - 0x00007ff8c3de7000 	C:\WINDOWS\SYSTEM32\dhcpcsvc6.DLL
0x00007ff8c7f50000 - 0x00007ff8c7f6d000 	C:\WINDOWS\SYSTEM32\dhcpcsvc.DLL
0x00007ff8d0e50000 - 0x00007ff8d0f1a000 	C:\WINDOWS\SYSTEM32\DNSAPI.dll
0x00007ff8c43b0000 - 0x00007ff8c43be000 	C:\Program Files\Microsoft\jdk-17.0.8.7-hotspot\bin\sunmscapi.dll
0x00007ff8d1de0000 - 0x00007ff8d1f3e000 	C:\WINDOWS\System32\CRYPT32.dll
0x00007ff8d1480000 - 0x00007ff8d14a9000 	C:\WINDOWS\SYSTEM32\ncrypt.dll
0x00007ff8d1440000 - 0x00007ff8d147b000 	C:\WINDOWS\SYSTEM32\NTASN1.dll
0x00007ff8b9650000 - 0x00007ff8b9657000 	C:\WINDOWS\system32\wshunix.dll
0x00007ff8c52b0000 - 0x00007ff8c52ba000 	C:\Windows\System32\rasadhlp.dll
0x00007ff8c5490000 - 0x00007ff8c5510000 	C:\WINDOWS\System32\fwpuclnt.dll
0x00007ff88e780000 - 0x00007ff88e797000 	C:\WINDOWS\system32\napinsp.dll
0x00007ff88e760000 - 0x00007ff88e77b000 	C:\WINDOWS\system32\pnrpnsp.dll
0x00007ff8adae0000 - 0x00007ff8adaf5000 	C:\WINDOWS\system32\wshbth.dll
0x00007ff8cc970000 - 0x00007ff8cc98d000 	C:\WINDOWS\system32\NLAapi.dll
0x00007ff88e740000 - 0x00007ff88e752000 	C:\WINDOWS\System32\winrnr.dll
0x00007ff8ce940000 - 0x00007ff8ce9d0000 	C:\WINDOWS\system32\apphelp.dll

dbghelp: loaded successfully - version: 4.0.5 - missing functions: none
symbol engine: initialized successfully - sym options: 0x614 - pdb path: .;C:\Program Files\Microsoft\jdk-17.0.8.7-hotspot\bin;C:\WINDOWS\SYSTEM32;C:\WINDOWS\WinSxS\amd64_microsoft.windows.common-controls_6595b64144ccf1df_6.0.19041.4355_none_60b8b9eb71f62e16;C:\Program Files\Microsoft\jdk-17.0.8.7-hotspot\bin\server;C:\Users\User\.gradle\native\68d5fa5c4cc2d200863cafc0d521ce42e7d3e7ee720ec0a83991735586a16f82\windows-amd64;C:\Users\User\.gradle\native\e376f236ea51e6404a007f0833ffe2c6e607c4080706a723a18a27aeea778392\windows-amd64

VM Arguments:
jvm_args: -XX:MaxMetaspaceSize=512m --add-opens=java.base/java.util=ALL-UNNAMED --add-opens=java.base/java.lang=ALL-UNNAMED --add-opens=java.base/java.lang.invoke=ALL-UNNAMED --add-opens=java.prefs/java.util.prefs=ALL-UNNAMED --add-opens=java.base/java.nio.charset=ALL-UNNAMED --add-opens=java.base/java.net=ALL-UNNAMED --add-opens=java.base/java.util.concurrent.atomic=ALL-UNNAMED -Xmx2048m -Dfile.encoding=windows-1251 -Duser.country=UA -Duser.language=uk -Duser.variant -javaagent:C:\Users\User\.gradle\wrapper\dists\gradle-8.3-all\6en3ugtfdg5xnpx44z4qbwgas\gradle-8.3\lib\agents\gradle-instrumentation-agent-8.3.jar 
java_command: org.gradle.launcher.daemon.bootstrap.GradleDaemon 8.3
java_class_path (initial): C:\Users\User\.gradle\wrapper\dists\gradle-8.3-all\6en3ugtfdg5xnpx44z4qbwgas\gradle-8.3\lib\gradle-launcher-8.3.jar
Launcher Type: SUN_STANDARD

[Global flags]
     intx CICompilerCount                          = 3                                         {product} {ergonomic}
   size_t CompressedClassSpaceSize                 = 436207616                                 {product} {ergonomic}
     uint ConcGCThreads                            = 1                                         {product} {ergonomic}
     uint G1ConcRefinementThreads                  = 4                                         {product} {ergonomic}
   size_t G1HeapRegionSize                         = 1048576                                   {product} {ergonomic}
    uintx GCDrainStackTargetSize                   = 64                                        {product} {ergonomic}
   size_t InitialHeapSize                          = 134217728                                 {product} {ergonomic}
   size_t MarkStackSize                            = 4194304                                   {product} {ergonomic}
   size_t MaxHeapSize                              = 2147483648                                {product} {command line}
   size_t MaxMetaspaceSize                         = 536870912                                 {product} {command line}
   size_t MaxNewSize                               = 1287651328                                {product} {ergonomic}
   size_t MinHeapDeltaBytes                        = 1048576                                   {product} {ergonomic}
   size_t MinHeapSize                              = 8388608                                   {product} {ergonomic}
    uintx NonNMethodCodeHeapSize                   = 5832780                                {pd product} {ergonomic}
    uintx NonProfiledCodeHeapSize                  = 122912730                              {pd product} {ergonomic}
    uintx ProfiledCodeHeapSize                     = 122912730                              {pd product} {ergonomic}
    uintx ReservedCodeCacheSize                    = 251658240                              {pd product} {ergonomic}
     bool SegmentedCodeCache                       = true                                      {product} {ergonomic}
   size_t SoftMaxHeapSize                          = 2147483648                             {manageable} {ergonomic}
     bool UseCompressedClassPointers               = true                           {product lp64_product} {ergonomic}
     bool UseCompressedOops                        = true                           {product lp64_product} {ergonomic}
     bool UseG1GC                                  = true                                      {product} {ergonomic}
     bool UseLargePagesIndividualAllocation        = false                                  {pd product} {ergonomic}

Logging:
Log output configuration:
 #0: stdout all=warning uptime,level,tags
 #1: stderr all=off uptime,level,tags

Environment Variables:
JAVA_HOME=C:\Program Files\Microsoft\jdk-17.0.8.7-hotspot\
CLASSPATH=C:\Users\User\Desktop\GamesHub\android\\gradle\wrapper\gradle-wrapper.jar
PATH=C:\Users\User\Desktop\GamesHub\node_modules\.bin;C:\Users\User\Desktop\GamesHub\node_modules\.bin;C:\Users\User\Desktop\node_modules\.bin;C:\Users\User\node_modules\.bin;C:\Users\node_modules\.bin;C:\node_modules\.bin;C:\Users\User\AppData\Roaming\npm\node_modules\npm\node_modules\@npmcli\run-script\lib\node-gyp-bin;C:\Users\User\Desktop\GamesHub\node_modules\.bin;C:\Users\User\Desktop\node_modules\.bin;C:\Users\User\node_modules\.bin;C:\Users\node_modules\.bin;C:\node_modules\.bin;C:\Users\User\AppData\Roaming\npm\node_modules\npm\node_modules\@npmcli\run-script\lib\node-gyp-bin;C:\Users\User\bin;C:\Program Files\Git\mingw64\bin;C:\Program Files\Git\usr\local\bin;C:\Program Files\Git\usr\bin;C:\Program Files\Git\usr\bin;C:\Program Files\Git\mingw64\bin;C:\Program Files\Git\usr\bin;C:\Users\User\bin;C:\Program Files\Microsoft\jdk-17.0.8.7-hotspot\bin;C:\Program Files\Common Files\Oracle\Java\javapath;C:\WINDOWS\system32;C:\WINDOWS;C:\WINDOWS\System32\Wbem;C:\WINDOWS\System32\WindowsPowerShell\v1.0;C:\WINDOWS\System32\OpenSSH;C:\Program Files\Git\cmd;C:\ProgramData\chocolatey\bin;C:\Program Files\nodejs;C:\Users\User\AppData\Local\Android\Sdk\platform-tools;C:\Users\User\AppData\Local\Android\Sdk\tools;C:\Users\User\AppData\Local\Android\Sdk\platform-tools;C:\Users\User\AppData\Local\Android\Sdk\tools;C:\Gradle\gradle-8.5\bin;C:\Users\User\AppData\Local\Programs\Microsoft VS Code\bin;C:\Users\User\AppData\Roaming\npm;C:\Program Files\Git\usr\bin\vendor_perl;C:\Program Files\Git\usr\bin\core_perl
USERNAME=User
SHELL=C:\Program Files\Git\usr\bin\bash.exe
DISPLAY=needs-to-be-defined
LANG=en_US.UTF-8
TERM=xterm-256color
TMPDIR=C:\Users\User\AppData\Local\Temp
OS=Windows_NT
PROCESSOR_IDENTIFIER=Intel64 Family 6 Model 78 Stepping 3, GenuineIntel
TMP=C:\Users\User\AppData\Local\Temp
TEMP=C:\Users\User\AppData\Local\Temp



---------------  S Y S T E M  ---------------

OS:
 Windows 10 , 64 bit Build 19041 (10.0.19041.3636)
OS uptime: 0 days 22:37 hours

CPU: total 4 (initial active 4) (2 cores per cpu, 2 threads per core) family 6 model 78 stepping 3 microcode 0xf0, cx8, cmov, fxsr, ht, mmx, 3dnowpref, sse, sse2, sse3, ssse3, sse4.1, sse4.2, popcnt, lzcnt, tsc, tscinvbit, avx, avx2, aes, erms, clmul, bmi1, bmi2, rtm, adx, fma, vzeroupper, clflush, clflushopt
Processor Information for all 4 processors :
  Max Mhz: 2501, Current Mhz: 2200, Mhz Limit: 2175

Memory: 4k page, system-wide physical 8083M (172M free)
TotalPageFile size 18196M (AvailPageFile size 4752M)
current process WorkingSet (physical memory assigned to process): 407M, peak: 433M
current process commit charge ("private bytes"): 612M, peak: 619M

vm_info: OpenJDK 64-Bit Server VM (17.0.8+7-LTS) for windows-amd64 JRE (17.0.8+7-LTS), built on Jul  7 2023 17:21:55 by "MicrosoftCorporation" with MS VC++ 16.10 / 16.11 (VS2019)

END.
